2019-12-16 10:36:38 +0000  Initial pipeline context: <IDEDistributionProcessingPipelineContext: 0x7fa07a995350; archive(resolved)='<IDEArchive: 0x7fa080406c80>', distributionTask(resolved)='2', distributionDestination(resolved)='1', distributionMethod(resolved)='<IDEDistributionMethodAdHoc: 0x7fa090a25770>', team(resolved)='<IDEProvisioningDisambiguatableBasicTeam: 0x7fa0a1fb1590; teamID='9TSZYWVJCJ', teamName='Shexue Gao', teamType='Individual', username='sogajsy@sohu.com', isFreeProvisioningTeam='0'>'>
	Chain (12, self inclusive):
	<IDEDistributionProcessingPipelineContext: 0x7fa07a995350; archive = '<IDEArchive: 0x7fa080406c80>', distributionMethod='<IDEDistributionMethodAdHoc: 0x7fa090a25770>', team='<IDEProvisioningDisambiguatableBasicTeam: 0x7fa0a1fb1590; teamID='9TSZYWVJCJ', teamName='Shexue Gao', teamType='Individual', username='sogajsy@sohu.com', isFreeProvisioningTeam='0'>'>
	<IDEDistributionProcessingPipelineContext: 0x7fa080165ab0; archive = '<IDEArchive: 0x7fa080406c80>', distributionMethod='<IDEDistributionMethodAdHoc: 0x7fa090a25770>', team='<IDEProvisioningDisambiguatableBasicTeam: 0x7fa0a1fb1590; teamID='9TSZYWVJCJ', teamName='Shexue Gao', teamType='Individual', username='sogajsy@sohu.com', isFreeProvisioningTeam='0'>'>
	<IDEDistributionContext: 0x7fa0788d4380; archive = '<IDEArchive: 0x7fa080406c80>', distributionMethod='<IDEDistributionMethodAdHoc: 0x7fa090a25770>', team='<IDEProvisioningDisambiguatableBasicTeam: 0x7fa0a1fb1590; teamID='9TSZYWVJCJ', teamName='Shexue Gao', teamType='Individual', username='sogajsy@sohu.com', isFreeProvisioningTeam='0'>'>
	<IDEDistributionContext: 0x7fa07886fb60; archive = '<IDEArchive: 0x7fa080406c80>', distributionMethod='<IDEDistributionMethodAdHoc: 0x7fa090a25770>', team='<IDEProvisioningDisambiguatableBasicTeam: 0x7fa0a1fb1590; teamID='9TSZYWVJCJ', teamName='Shexue Gao', teamType='Individual', username='sogajsy@sohu.com', isFreeProvisioningTeam='0'>'>
	<IDEDistributionContext: 0x7fa0809c8a00; archive = '<IDEArchive: 0x7fa080406c80>', distributionMethod='<IDEDistributionMethodAdHoc: 0x7fa090a25770>', team='<IDEProvisioningDisambiguatableBasicTeam: 0x7fa0a1fb1590; teamID='9TSZYWVJCJ', teamName='Shexue Gao', teamType='Individual', username='sogajsy@sohu.com', isFreeProvisioningTeam='0'>'>
	<IDEDistributionContext: 0x7fa07ee839c0; archive = '<IDEArchive: 0x7fa080406c80>', distributionMethod='<IDEDistributionMethodAdHoc: 0x7fa090a25770>', team='<IDEProvisioningDisambiguatableBasicTeam: 0x7fa0a1fb1590; teamID='9TSZYWVJCJ', teamName='Shexue Gao', teamType='Individual', username='sogajsy@sohu.com', isFreeProvisioningTeam='0'>'>
	<IDEDistributionContext: 0x7fa08f7253e0; archive = '<IDEArchive: 0x7fa080406c80>', distributionMethod='<IDEDistributionMethodAdHoc: 0x7fa090a25770>', team='<IDEProvisioningDisambiguatableBasicTeam: 0x7fa0a1fb1590; teamID='9TSZYWVJCJ', teamName='Shexue Gao', teamType='Individual', username='sogajsy@sohu.com', isFreeProvisioningTeam='0'>'>
	<IDEDistributionContext: 0x7fa080029690; archive = '<IDEArchive: 0x7fa080406c80>', distributionMethod='<IDEDistributionMethodAdHoc: 0x7fa090a25770>', team='<IDEProvisioningDisambiguatableBasicTeam: 0x7fa0a1fb1590; teamID='9TSZYWVJCJ', teamName='Shexue Gao', teamType='Individual', username='sogajsy@sohu.com', isFreeProvisioningTeam='0'>'>
	<IDEDistributionContext: 0x7fa08939f5d0; archive = '<IDEArchive: 0x7fa080406c80>', distributionMethod='<IDEDistributionMethodAdHoc: 0x7fa090a25770>', team='<IDEProvisioningDisambiguatableBasicTeam: 0x7fa0a1fb1590; teamID='9TSZYWVJCJ', teamName='Shexue Gao', teamType='Individual', username='sogajsy@sohu.com', isFreeProvisioningTeam='0'>'>
	<IDEDistributionContext: 0x7fa07f025e60; archive = '<IDEArchive: 0x7fa080406c80>', distributionMethod='<IDEDistributionMethodAdHoc: 0x7fa090a25770>', team='(null)'>
	<IDEDistributionContext: 0x7fa077514940; archive = '<IDEArchive: 0x7fa080406c80>', distributionMethod='<IDEDistributionMethodAdHoc: 0x7fa090a25770>', team='(null)'>
	<IDEDistributionContext: 0x7fa07d9de480; archive = '<IDEArchive: 0x7fa080406c80>', distributionMethod='(null)', team='(null)'>
</IDEDistributionProcessingPipelineContext: 0x7fa07a995350>
2019-12-16 10:36:38 +0000  Processing step: IDEDistributionCreateDestRootStep
2019-12-16 10:36:38 +0000  Processing step: IDEDistributionCopyItemStep
2019-12-16 10:36:38 +0000  Running /usr/bin/ditto '-V' '/Users/afan/Library/Developer/Xcode/Archives/2019-12-16/WRHB 2019-12-16, 6.33 PM.xcarchive/Products/Applications/WRHB.app' '/var/folders/x3/_h9_95n54jv6qp98jhp7fvf00000gn/T/XcodeDistPipeline.~~~A0Xep2/Root/Payload/WRHB.app'
2019-12-16 10:36:38 +0000  >>> Copying /Users/afan/Library/Developer/Xcode/Archives/2019-12-16/WRHB 2019-12-16, 6.33 PM.xcarchive/Products/Applications/WRHB.app 
2019-12-16 10:36:38 +0000  copying file ./liaotian_ic_gengduo_press@3x.png ... 
2019-12-16 10:36:38 +0000  3215 bytes for ./liaotian_ic_gengduo_press@3x.png
copying file ./backItemImage_hl@2x.png ... 
2019-12-16 10:36:38 +0000  163 bytes for ./backItemImage_hl@2x.png
2019-12-16 10:36:38 +0000  copying file ./_CodeSignature/CodeResources ... 
2019-12-16 10:36:38 +0000  91816 bytes for ./_CodeSignature/CodeResources
2019-12-16 10:36:38 +0000  copying file ./GuideImage.bundle/guideImage_button_backgound.png ... 
2019-12-16 10:36:38 +0000  10400 bytes for ./GuideImage.bundle/guideImage_button_backgound.png
2019-12-16 10:36:38 +0000  copying file ./liaotian_ic_gengduo_nor@2x.png ... 
2019-12-16 10:36:38 +0000  2197 bytes for ./liaotian_ic_gengduo_nor@2x.png
copying file ./Expression_95@2x.png ... 
2019-12-16 10:36:38 +0000  2634 bytes for ./Expression_95@2x.png
copying file ./Expression_104@2x.png ... 
2019-12-16 10:36:38 +0000  2259 bytes for ./Expression_104@2x.png
2019-12-16 10:36:38 +0000  copying file ./Expression_99@2x.png ... 
2019-12-16 10:36:38 +0000  2376 bytes for ./Expression_99@2x.png
copying file ./Expression_87@2x.png ... 
2019-12-16 10:36:38 +0000  2664 bytes for ./Expression_87@2x.png
copying file ./Expression_50@2x.png ... 
2019-12-16 10:36:38 +0000  3343 bytes for ./Expression_50@2x.png
2019-12-16 10:36:38 +0000  copying file ./AppIcon20x20@2x.png ... 
2019-12-16 10:36:38 +0000  8547 bytes for ./AppIcon20x20@2x.png
copying file ./bank.plist ... 
2019-12-16 10:36:38 +0000  24087 bytes for ./bank.plist
2019-12-16 10:36:38 +0000  copying file ./Expression_33@2x.png ... 
2019-12-16 10:36:38 +0000  3243 bytes for ./Expression_33@2x.png
copying file ./Expression_42@2x.png ... 
2019-12-16 10:36:38 +0000  3600 bytes for ./Expression_42@2x.png
2019-12-16 10:36:38 +0000  copying file ./backItemImage@2x.png ... 
2019-12-16 10:36:38 +0000  163 bytes for ./backItemImage@2x.png
2019-12-16 10:36:38 +0000  copying file ./toast_vol_5@2x.png ... 
2019-12-16 10:36:38 +0000  439 bytes for ./toast_vol_5@2x.png
2019-12-16 10:36:38 +0000  copying file ./Expression_21@2x.png ... 
2019-12-16 10:36:38 +0000  3670 bytes for ./Expression_21@2x.png
2019-12-16 10:36:38 +0000  copying file ./Expression_74@2x.png ... 
2019-12-16 10:36:38 +0000  2464 bytes for ./Expression_74@2x.png
2019-12-16 10:36:38 +0000  copying file ./BAKit_WebView.bundle/navigationbar_more@3x.png ... 
2019-12-16 10:36:38 +0000  221 bytes for ./BAKit_WebView.bundle/navigationbar_more@3x.png
2019-12-16 10:36:38 +0000  copying file ./BAKit_WebView.bundle/navigationbar_more@2x.png ... 
2019-12-16 10:36:38 +0000  1142 bytes for ./BAKit_WebView.bundle/navigationbar_more@2x.png
copying file ./BAKit_WebView.bundle/navigationbar_back@2x.png ... 
2019-12-16 10:36:38 +0000  1234 bytes for ./BAKit_WebView.bundle/navigationbar_back@2x.png
2019-12-16 10:36:38 +0000  copying file ./BAKit_WebView.bundle/navigationbar_back@3x.png ... 
2019-12-16 10:36:38 +0000  338 bytes for ./BAKit_WebView.bundle/navigationbar_back@3x.png
2019-12-16 10:36:38 +0000  copying file ./Expression_8@2x.png ... 
2019-12-16 10:36:38 +0000  3290 bytes for ./Expression_8@2x.png
2019-12-16 10:36:38 +0000  copying file ./Expression_17@2x.png ... 
2019-12-16 10:36:38 +0000  3394 bytes for ./Expression_17@2x.png
2019-12-16 10:36:38 +0000  copying file ./Expression_4@2x.png ... 
2019-12-16 10:36:38 +0000  3631 bytes for ./Expression_4@2x.png
copying file ./Expression_66@2x.png ... 
2019-12-16 10:36:38 +0000  1836 bytes for ./Expression_66@2x.png
2019-12-16 10:36:38 +0000  copying file ./Expression_78@2x.png ... 
2019-12-16 10:36:38 +0000  1867 bytes for ./Expression_78@2x.png
copying file ./DeleteEmoticonBtn@2x.png ... 
2019-12-16 10:36:38 +0000  945 bytes for ./DeleteEmoticonBtn@2x.png
2019-12-16 10:36:38 +0000  copying file ./toast_vol_7@2x.png ... 
2019-12-16 10:36:38 +0000  565 bytes for ./toast_vol_7@2x.png
2019-12-16 10:36:38 +0000  copying file ./Expression_23@2x.png ... 
2019-12-16 10:36:38 +0000  3692 bytes for ./Expression_23@2x.png
copying file ./Expression_40@2x.png ... 
2019-12-16 10:36:38 +0000  3174 bytes for ./Expression_40@2x.png
2019-12-16 10:36:38 +0000  copying file ./Expression_31@2x.png ... 
2019-12-16 10:36:38 +0000  3754 bytes for ./Expression_31@2x.png
2019-12-16 10:36:38 +0000  copying file ./Expression_52@2x.png ... 
2019-12-16 10:36:38 +0000  3258 bytes for ./Expression_52@2x.png
2019-12-16 10:36:38 +0000  copying file ./emotion_icons.plist ... 
2019-12-16 10:36:38 +0000  1727 bytes for ./emotion_icons.plist
2019-12-16 10:36:38 +0000  copying file ./Expression_64@2x.png ... 
2019-12-16 10:36:38 +0000  1380 bytes for ./Expression_64@2x.png
2019-12-16 10:36:38 +0000  copying file ./Expression_6@2x.png ... 
2019-12-16 10:36:38 +0000  3100 bytes for ./Expression_6@2x.png
2019-12-16 10:36:38 +0000  copying file ./Expression_19@2x.png ... 
2019-12-16 10:36:38 +0000  3382 bytes for ./Expression_19@2x.png
copying file ./Expression_68@2x.png ... 
2019-12-16 10:36:38 +0000  2915 bytes for ./Expression_68@2x.png
2019-12-16 10:36:38 +0000  copying file ./AppIcon20x20@3x.png ... 
2019-12-16 10:36:38 +0000  14792 bytes for ./AppIcon20x20@3x.png
2019-12-16 10:36:38 +0000  copying file ./Expression_15@2x.png ... 
2019-12-16 10:36:38 +0000  3223 bytes for ./Expression_15@2x.png
copying file ./Expression_76@2x.png ... 
2019-12-16 10:36:38 +0000  2249 bytes for ./Expression_76@2x.png
2019-12-16 10:36:38 +0000  copying file ./chats_gif_499.gif ... 
2019-12-16 10:36:38 +0000  1041589 bytes for ./chats_gif_499.gif
2019-12-16 10:36:38 +0000  copying file ./liaotian_ic_gengduo_nor@3x.png ... 
2019-12-16 10:36:38 +0000  3173 bytes for ./liaotian_ic_gengduo_nor@3x.png
copying file ./unicode_to_hanyu_pinyin.txt ... 
2019-12-16 10:36:38 +0000  286446 bytes for ./unicode_to_hanyu_pinyin.txt
2019-12-16 10:36:38 +0000  copying file ./Expression_85@2x.png ... 
2019-12-16 10:36:38 +0000  2729 bytes for ./Expression_85@2x.png
2019-12-16 10:36:38 +0000  copying file ./MJRefresh.bundle/zh-Hans.lproj/Localizable.strings ... 
2019-12-16 10:36:38 +0000  1194 bytes for ./MJRefresh.bundle/zh-Hans.lproj/Localizable.strings
2019-12-16 10:36:38 +0000  copying file ./MJRefresh.bundle/en.lproj/Localizable.strings ... 
2019-12-16 10:36:38 +0000  1374 bytes for ./MJRefresh.bundle/en.lproj/Localizable.strings
2019-12-16 10:36:38 +0000  copying file ./MJRefresh.bundle/uk.lproj/Localizable.strings ... 
2019-12-16 10:36:38 +0000  1534 bytes for ./MJRefresh.bundle/uk.lproj/Localizable.strings
2019-12-16 10:36:38 +0000  copying file ./MJRefresh.bundle/arrow@2x.png ... 
2019-12-16 10:36:38 +0000  1033 bytes for ./MJRefresh.bundle/arrow@2x.png
2019-12-16 10:36:38 +0000  copying file ./MJRefresh.bundle/ko.lproj/Localizable.strings ... 
2019-12-16 10:36:38 +0000  771 bytes for ./MJRefresh.bundle/ko.lproj/Localizable.strings
2019-12-16 10:36:38 +0000  copying file ./MJRefresh.bundle/zh-Hant.lproj/Localizable.strings ... 
2019-12-16 10:36:38 +0000  773 bytes for ./MJRefresh.bundle/zh-Hant.lproj/Localizable.strings
2019-12-16 10:36:38 +0000  copying file ./MJRefresh.bundle/ru.lproj/Localizable.strings ... 
2019-12-16 10:36:38 +0000  1502 bytes for ./MJRefresh.bundle/ru.lproj/Localizable.strings
2019-12-16 10:36:38 +0000  copying file ./Expression_97@2x.png ... 
2019-12-16 10:36:38 +0000  3086 bytes for ./Expression_97@2x.png
2019-12-16 10:36:38 +0000  copying file ./liaotian_ic_gengduo_press@2x.png ... 
2019-12-16 10:36:38 +0000  2248 bytes for ./liaotian_ic_gengduo_press@2x.png
2019-12-16 10:36:38 +0000  copying file ./Expression_89@2x.png ... 
2019-12-16 10:36:38 +0000  2491 bytes for ./Expression_89@2x.png
copying file ./Expression_11@2x.png ... 
2019-12-16 10:36:38 +0000  3301 bytes for ./Expression_11@2x.png
2019-12-16 10:36:38 +0000  copying file ./Expression_72@2x.png ... 
2019-12-16 10:36:38 +0000  1428 bytes for ./Expression_72@2x.png
2019-12-16 10:36:38 +0000  copying file ./Expression_60@2x.png ... 
2019-12-16 10:36:38 +0000  3137 bytes for ./Expression_60@2x.png
2019-12-16 10:36:38 +0000  copying file ./Expression_2@2x.png ... 
2019-12-16 10:36:38 +0000  3461 bytes for ./Expression_2@2x.png
2019-12-16 10:36:38 +0000  copying file ./AppIcon60x60@2x.png ... 
2019-12-16 10:36:38 +0000  46913 bytes for ./AppIcon60x60@2x.png
2019-12-16 10:36:38 +0000  copying file ./Expression_35@2x.png ... 
2019-12-16 10:36:38 +0000  3551 bytes for ./Expression_35@2x.png
2019-12-16 10:36:38 +0000  copying file ./Expression_48@2x.png ... 
2019-12-16 10:36:38 +0000  3271 bytes for ./Expression_48@2x.png
2019-12-16 10:36:38 +0000  copying file ./IQKeyboardManager.bundle/Assets.car ... 
2019-12-16 10:36:38 +0000  46920 bytes for ./IQKeyboardManager.bundle/Assets.car
2019-12-16 10:36:38 +0000  copying file ./IQKeyboardManager.bundle/Info.plist ... 
2019-12-16 10:36:38 +0000  732 bytes for ./IQKeyboardManager.bundle/Info.plist
2019-12-16 10:36:38 +0000  copying file ./Expression_56@2x.png ... 
2019-12-16 10:36:38 +0000  1745 bytes for ./Expression_56@2x.png
2019-12-16 10:36:38 +0000  copying file ./Expression_27@2x.png ... 
2019-12-16 10:36:38 +0000  3023 bytes for ./Expression_27@2x.png
copying file ./XFCameraController.nib ... 
2019-12-16 10:36:38 +0000  4827 bytes for ./XFCameraController.nib
2019-12-16 10:36:38 +0000  copying file ./toast_vol_3@2x.png ... 
2019-12-16 10:36:38 +0000  321 bytes for ./toast_vol_3@2x.png
copying file ./Expression_39@2x.png ... 
2019-12-16 10:36:38 +0000  2882 bytes for ./Expression_39@2x.png
2019-12-16 10:36:38 +0000  copying file ./Expression_44@2x.png ... 
2019-12-16 10:36:38 +0000  3458 bytes for ./Expression_44@2x.png
copying file ./Expression_93@2x.png ... 
2019-12-16 10:36:38 +0000  2205 bytes for ./Expression_93@2x.png
2019-12-16 10:36:38 +0000  copying file ./AppIcon29x29@2x.png ... 
2019-12-16 10:36:38 +0000  14142 bytes for ./AppIcon29x29@2x.png
2019-12-16 10:36:38 +0000  copying file ./liaotian_ic_press@3x.png ... 
2019-12-16 10:36:38 +0000  8737 bytes for ./liaotian_ic_press@3x.png
2019-12-16 10:36:38 +0000  copying file ./liaotian_ic_yuyin_nor.png ... 
2019-12-16 10:36:38 +0000  1100 bytes for ./liaotian_ic_yuyin_nor.png
2019-12-16 10:36:38 +0000  copying file ./icon_bofang.png ... 
2019-12-16 10:36:38 +0000  2512 bytes for ./icon_bofang.png
copying file ./Expression_81@2x.png ... 
2019-12-16 10:36:38 +0000  2370 bytes for ./Expression_81@2x.png
2019-12-16 10:36:38 +0000  copying file ./Expression_102@2x.png ... 
2019-12-16 10:36:38 +0000  2588 bytes for ./Expression_102@2x.png
2019-12-16 10:36:38 +0000  copying file ./AFStatusBarHUD.bundle/vv_success.png ... 
2019-12-16 10:36:38 +0000  1324 bytes for ./AFStatusBarHUD.bundle/vv_success.png
2019-12-16 10:36:38 +0000  copying file ./AFStatusBarHUD.bundle/vv_success@2x.png ... 
2019-12-16 10:36:38 +0000  1539 bytes for ./AFStatusBarHUD.bundle/vv_success@2x.png
copying file ./AFStatusBarHUD.bundle/vv_error@2x.png ... 
2019-12-16 10:36:38 +0000  1440 bytes for ./AFStatusBarHUD.bundle/vv_error@2x.png
2019-12-16 10:36:38 +0000  copying file ./AFStatusBarHUD.bundle/vv_error.png ... 
2019-12-16 10:36:38 +0000  1280 bytes for ./AFStatusBarHUD.bundle/vv_error.png
2019-12-16 10:36:38 +0000  copying file ./WKJSPOST.html ... 
2019-12-16 10:36:38 +0000  1003 bytes for ./WKJSPOST.html
2019-12-16 10:36:38 +0000  copying file ./AppIcon40x40@3x.png ... 
2019-12-16 10:36:38 +0000  46913 bytes for ./AppIcon40x40@3x.png
2019-12-16 10:36:38 +0000  copying file ./liaotian_ic_jianpan_nor@3x.png ... 
2019-12-16 10:36:38 +0000  3195 bytes for ./liaotian_ic_jianpan_nor@3x.png
2019-12-16 10:36:38 +0000  copying file ./toast_microphone@2x.png ... 
2019-12-16 10:36:38 +0000  2806 bytes for ./toast_microphone@2x.png
2019-12-16 10:36:38 +0000  copying file ./TZImagePickerController.bundle/de.lproj/Localizable.strings ... 
2019-12-16 10:36:38 +0000  1737 bytes for ./TZImagePickerController.bundle/de.lproj/Localizable.strings
2019-12-16 10:36:38 +0000  copying file ./TZImagePickerController.bundle/he.lproj/Localizable.strings ... 
2019-12-16 10:36:38 +0000  953 bytes for ./TZImagePickerController.bundle/he.lproj/Localizable.strings
2019-12-16 10:36:38 +0000  copying file ./TZImagePickerController.bundle/ar.lproj/Localizable.strings ... 
2019-12-16 10:36:38 +0000  2068 bytes for ./TZImagePickerController.bundle/ar.lproj/Localizable.strings
2019-12-16 10:36:38 +0000  copying file ./TZImagePickerController.bundle/el.lproj/Localizable.strings ... 
2019-12-16 10:36:38 +0000  1151 bytes for ./TZImagePickerController.bundle/el.lproj/Localizable.strings
2019-12-16 10:36:38 +0000  copying file ./TZImagePickerController.bundle/takePicture@2x.png ... 
2019-12-16 10:36:38 +0000  3054 bytes for ./TZImagePickerController.bundle/takePicture@2x.png
2019-12-16 10:36:38 +0000  copying file ./TZImagePickerController.bundle/zh-Hans.lproj/Localizable.strings ... 
2019-12-16 10:36:38 +0000  2428 bytes for ./TZImagePickerController.bundle/zh-Hans.lproj/Localizable.strings
2019-12-16 10:36:38 +0000  copying file ./TZImagePickerController.bundle/ja.lproj/Localizable.strings ... 
2019-12-16 10:36:38 +0000  1956 bytes for ./TZImagePickerController.bundle/ja.lproj/Localizable.strings
2019-12-16 10:36:38 +0000  copying file ./TZImagePickerController.bundle/photo_sel_photoPickerVc@2x.png ... 
2019-12-16 10:36:38 +0000  1006 bytes for ./TZImagePickerController.bundle/photo_sel_photoPickerVc@2x.png
2019-12-16 10:36:38 +0000  copying file ./TZImagePickerController.bundle/en.lproj/Localizable.strings ... 
2019-12-16 10:36:38 +0000  3138 bytes for ./TZImagePickerController.bundle/en.lproj/Localizable.strings
2019-12-16 10:36:38 +0000  copying file ./TZImagePickerController.bundle/uk.lproj/Localizable.strings ... 
2019-12-16 10:36:38 +0000  1096 bytes for ./TZImagePickerController.bundle/uk.lproj/Localizable.strings
2019-12-16 10:36:38 +0000  copying file ./TZImagePickerController.bundle/MMVideoPreviewPlayHL@2x.png ... 
2019-12-16 10:36:38 +0000  3645 bytes for ./TZImagePickerController.bundle/MMVideoPreviewPlayHL@2x.png
2019-12-16 10:36:38 +0000  copying file ./TZImagePickerController.bundle/es.lproj/Localizable.strings ... 
2019-12-16 10:36:38 +0000  1685 bytes for ./TZImagePickerController.bundle/es.lproj/Localizable.strings
2019-12-16 10:36:38 +0000  copying file ./TZImagePickerController.bundle/photo_sel_previewVc@2x.png ... 
2019-12-16 10:36:38 +0000  1183 bytes for ./TZImagePickerController.bundle/photo_sel_previewVc@2x.png
2019-12-16 10:36:38 +0000  copying file ./TZImagePickerController.bundle/MMVideoPreviewPlay@2x.png ... 
2019-12-16 10:36:38 +0000  3645 bytes for ./TZImagePickerController.bundle/MMVideoPreviewPlay@2x.png
2019-12-16 10:36:38 +0000  copying file ./TZImagePickerController.bundle/it.lproj/Localizable.strings ... 
2019-12-16 10:36:38 +0000  873 bytes for ./TZImagePickerController.bundle/it.lproj/Localizable.strings
2019-12-16 10:36:38 +0000  copying file ./TZImagePickerController.bundle/bg.lproj/Localizable.strings ... 
2019-12-16 10:36:38 +0000  1080 bytes for ./TZImagePickerController.bundle/bg.lproj/Localizable.strings
2019-12-16 10:36:38 +0000  copying file ./TZImagePickerController.bundle/sk.lproj/Localizable.strings ... 
2019-12-16 10:36:38 +0000  879 bytes for ./TZImagePickerController.bundle/sk.lproj/Localizable.strings
2019-12-16 10:36:38 +0000  copying file ./TZImagePickerController.bundle/preview_original_def@2x.png ... 
2019-12-16 10:36:38 +0000  392 bytes for ./TZImagePickerController.bundle/preview_original_def@2x.png
2019-12-16 10:36:38 +0000  copying file ./TZImagePickerController.bundle/sv.lproj/Localizable.strings ... 
2019-12-16 10:36:38 +0000  824 bytes for ./TZImagePickerController.bundle/sv.lproj/Localizable.strings
2019-12-16 10:36:38 +0000  copying file ./TZImagePickerController.bundle/photo_def_previewVc@2x.png ... 
2019-12-16 10:36:38 +0000  1155 bytes for ./TZImagePickerController.bundle/photo_def_previewVc@2x.png
2019-12-16 10:36:38 +0000  copying file ./TZImagePickerController.bundle/ko.lproj/Localizable.strings ... 
2019-12-16 10:36:38 +0000  886 bytes for ./TZImagePickerController.bundle/ko.lproj/Localizable.strings
2019-12-16 10:36:38 +0000  copying file ./TZImagePickerController.bundle/photo_original_sel@2x.png ... 
2019-12-16 10:36:38 +0000  620 bytes for ./TZImagePickerController.bundle/photo_original_sel@2x.png
2019-12-16 10:36:38 +0000  copying file ./TZImagePickerController.bundle/ko-KP.lproj/Localizable.strings ... 
2019-12-16 10:36:38 +0000  1868 bytes for ./TZImagePickerController.bundle/ko-KP.lproj/Localizable.strings
2019-12-16 10:36:38 +0000  copying file ./TZImagePickerController.bundle/zh-Hant.lproj/Localizable.strings ... 
2019-12-16 10:36:38 +0000  2424 bytes for ./TZImagePickerController.bundle/zh-Hant.lproj/Localizable.strings
2019-12-16 10:36:38 +0000  copying file ./TZImagePickerController.bundle/takePicture80@2x.png ... 
2019-12-16 10:36:38 +0000  1285 bytes for ./TZImagePickerController.bundle/takePicture80@2x.png
2019-12-16 10:36:38 +0000  copying file ./TZImagePickerController.bundle/photo_def_photoPickerVc@2x.png ... 
2019-12-16 10:36:38 +0000  1155 bytes for ./TZImagePickerController.bundle/photo_def_photoPickerVc@2x.png
2019-12-16 10:36:38 +0000  copying file ./TZImagePickerController.bundle/tr.lproj/Localizable.strings ... 
2019-12-16 10:36:38 +0000  844 bytes for ./TZImagePickerController.bundle/tr.lproj/Localizable.strings
2019-12-16 10:36:38 +0000  copying file ./TZImagePickerController.bundle/pl.lproj/Localizable.strings ... 
2019-12-16 10:36:38 +0000  858 bytes for ./TZImagePickerController.bundle/pl.lproj/Localizable.strings
2019-12-16 10:36:38 +0000  copying file ./TZImagePickerController.bundle/preview_number_icon@2x.png ... 
2019-12-16 10:36:38 +0000  501 bytes for ./TZImagePickerController.bundle/preview_number_icon@2x.png
2019-12-16 10:36:38 +0000  copying file ./TZImagePickerController.bundle/vi.lproj/Localizable.strings ... 
2019-12-16 10:36:38 +0000  1899 bytes for ./TZImagePickerController.bundle/vi.lproj/Localizable.strings
2019-12-16 10:36:38 +0000  copying file ./TZImagePickerController.bundle/navi_back@2x.png ... 
2019-12-16 10:36:38 +0000  116 bytes for ./TZImagePickerController.bundle/navi_back@2x.png
2019-12-16 10:36:38 +0000  copying file ./TZImagePickerController.bundle/ru.lproj/Localizable.strings ... 
2019-12-16 10:36:38 +0000  2276 bytes for ./TZImagePickerController.bundle/ru.lproj/Localizable.strings
2019-12-16 10:36:38 +0000  copying file ./TZImagePickerController.bundle/cs-CZ.lproj/Localizable.strings ... 
2019-12-16 10:36:38 +0000  822 bytes for ./TZImagePickerController.bundle/cs-CZ.lproj/Localizable.strings
2019-12-16 10:36:38 +0000  copying file ./TZImagePickerController.bundle/photo_original_def@2x.png ... 
2019-12-16 10:36:38 +0000  1602 bytes for ./TZImagePickerController.bundle/photo_original_def@2x.png
2019-12-16 10:36:38 +0000  copying file ./TZImagePickerController.bundle/fr.lproj/Localizable.strings ... 
2019-12-16 10:36:38 +0000  1821 bytes for ./TZImagePickerController.bundle/fr.lproj/Localizable.strings
2019-12-16 10:36:38 +0000  copying file ./TZImagePickerController.bundle/nl.lproj/Localizable.strings ... 
2019-12-16 10:36:38 +0000  821 bytes for ./TZImagePickerController.bundle/nl.lproj/Localizable.strings
2019-12-16 10:36:38 +0000  copying file ./TZImagePickerController.bundle/th.lproj/Localizable.strings ... 
2019-12-16 10:36:38 +0000  1247 bytes for ./TZImagePickerController.bundle/th.lproj/Localizable.strings
2019-12-16 10:36:38 +0000  copying file ./TZImagePickerController.bundle/pt.lproj/Localizable.strings ... 
2019-12-16 10:36:38 +0000  1716 bytes for ./TZImagePickerController.bundle/pt.lproj/Localizable.strings
2019-12-16 10:36:38 +0000  copying file ./TZImagePickerController.bundle/photo_number_icon@2x.png ... 
2019-12-16 10:36:38 +0000  501 bytes for ./TZImagePickerController.bundle/photo_number_icon@2x.png
2019-12-16 10:36:38 +0000  copying file ./TZImagePickerController.bundle/VideoSendIcon@2x.png ... 
2019-12-16 10:36:38 +0000  223 bytes for ./TZImagePickerController.bundle/VideoSendIcon@2x.png
2019-12-16 10:36:38 +0000  copying file ./TZImagePickerController.bundle/ro.lproj/Localizable.strings ... 
2019-12-16 10:36:38 +0000  887 bytes for ./TZImagePickerController.bundle/ro.lproj/Localizable.strings
2019-12-16 10:36:38 +0000  copying file ./liaotian_ic_biaoqing_nor.png ... 
2019-12-16 10:36:38 +0000  745 bytes for ./liaotian_ic_biaoqing_nor.png
2019-12-16 10:36:38 +0000  copying file ./Expression_100@2x.png ... 
2019-12-16 10:36:38 +0000  2250 bytes for ./Expression_100@2x.png
copying file ./AppIcon29x29~ipad.png ... 
2019-12-16 10:36:38 +0000  6115 bytes for ./AppIcon29x29~ipad.png
2019-12-16 10:36:38 +0000  copying file ./liaotian_ic_jianpan_nor.png ... 
2019-12-16 10:36:38 +0000  816 bytes for ./liaotian_ic_jianpan_nor.png
copying file ./Expression_83@2x.png ... 
2019-12-16 10:36:38 +0000  2967 bytes for ./Expression_83@2x.png
2019-12-16 10:36:38 +0000  copying file ./chats_gif_406.gif ... 
2019-12-16 10:36:38 +0000  819016 bytes for ./chats_gif_406.gif
2019-12-16 10:36:38 +0000  copying file ./liaotian_ic_jianpan_nor@2x.png ... 
2019-12-16 10:36:38 +0000  2318 bytes for ./liaotian_ic_jianpan_nor@2x.png
2019-12-16 10:36:38 +0000  copying file ./AppIcon40x40@2x.png ... 
2019-12-16 10:36:38 +0000  23409 bytes for ./AppIcon40x40@2x.png
copying file ./Expression_91@2x.png ... 
2019-12-16 10:36:38 +0000  2832 bytes for ./Expression_91@2x.png
2019-12-16 10:36:38 +0000  copying file ./chats_gif_407.gif ... 
2019-12-16 10:36:38 +0000  1476079 bytes for ./chats_gif_407.gif
2019-12-16 10:36:38 +0000  copying file ./success.mp3 ... 
41134 bytes for ./success.mp3
copying file ./liaotian_ic_press@2x.png ... 
2019-12-16 10:36:38 +0000  2822 bytes for ./liaotian_ic_press@2x.png
2019-12-16 10:36:38 +0000  copying file ./AppIcon29x29@3x.png ... 
2019-12-16 10:36:38 +0000  26998 bytes for ./AppIcon29x29@3x.png
2019-12-16 10:36:38 +0000  copying file ./Expression_62@2x.png ... 
2019-12-16 10:36:38 +0000  2799 bytes for ./Expression_62@2x.png
copying file ./chats_gif_405.gif ... 
2019-12-16 10:36:38 +0000  1046137 bytes for ./chats_gif_405.gif
2019-12-16 10:36:38 +0000  copying file ./chats_gif_411.gif ... 
2019-12-16 10:36:38 +0000  1198782 bytes for ./chats_gif_411.gif
2019-12-16 10:36:38 +0000  copying file ./Expression_70@2x.png ... 
2019-12-16 10:36:38 +0000  1158 bytes for ./Expression_70@2x.png
2019-12-16 10:36:38 +0000  copying file ./Expression_13@2x.png ... 
2019-12-16 10:36:38 +0000  3648 bytes for ./Expression_13@2x.png
copying file ./AppIcon60x60@3x.png ... 
2019-12-16 10:36:38 +0000  95770 bytes for ./AppIcon60x60@3x.png
2019-12-16 10:36:38 +0000  copying file ./Emoji.plist ... 
2019-12-16 10:36:38 +0000  1033 bytes for ./Emoji.plist
2019-12-16 10:36:38 +0000  copying file ./Expression_46@2x.png ... 
2019-12-16 10:36:38 +0000  3304 bytes for ./Expression_46@2x.png
2019-12-16 10:36:38 +0000  copying file ./Base.lproj/Main.storyboardc/UIViewController-BYZ-38-t0r.nib ... 
2019-12-16 10:36:38 +0000  916 bytes for ./Base.lproj/Main.storyboardc/UIViewController-BYZ-38-t0r.nib
2019-12-16 10:36:38 +0000  copying file ./Base.lproj/Main.storyboardc/BYZ-38-t0r-view-8bC-Xf-vdC.nib ... 
2019-12-16 10:36:38 +0000  1985 bytes for ./Base.lproj/Main.storyboardc/BYZ-38-t0r-view-8bC-Xf-vdC.nib
copying file ./Base.lproj/Main.storyboardc/Info.plist ... 
2019-12-16 10:36:38 +0000  258 bytes for ./Base.lproj/Main.storyboardc/Info.plist
2019-12-16 10:36:38 +0000  copying file ./Base.lproj/LaunchScreen.storyboardc/01J-lp-oVM-view-Ze5-6b-2t3.nib ... 
2019-12-16 10:36:38 +0000  1985 bytes for ./Base.lproj/LaunchScreen.storyboardc/01J-lp-oVM-view-Ze5-6b-2t3.nib
2019-12-16 10:36:38 +0000  copying file ./Base.lproj/LaunchScreen.storyboardc/UIViewController-01J-lp-oVM.nib ... 
2019-12-16 10:36:38 +0000  832 bytes for ./Base.lproj/LaunchScreen.storyboardc/UIViewController-01J-lp-oVM.nib
2019-12-16 10:36:38 +0000  copying file ./Base.lproj/LaunchScreen.storyboardc/Info.plist ... 
2019-12-16 10:36:38 +0000  258 bytes for ./Base.lproj/LaunchScreen.storyboardc/Info.plist
2019-12-16 10:36:38 +0000  copying file ./Expression_25@2x.png ... 
2019-12-16 10:36:38 +0000  3554 bytes for ./Expression_25@2x.png
2019-12-16 10:36:38 +0000  copying file ./toast_vol_1@2x.png ... 
2019-12-16 10:36:38 +0000  186 bytes for ./toast_vol_1@2x.png
copying file ./Expression_58@2x.png ... 
2019-12-16 10:36:38 +0000  3095 bytes for ./Expression_58@2x.png
2019-12-16 10:36:38 +0000  copying file ./fy_sms-received.caf ... 
2019-12-16 10:36:38 +0000  38528 bytes for ./fy_sms-received.caf
2019-12-16 10:36:38 +0000  copying file ./Expression_29@2x.png ... 
2019-12-16 10:36:38 +0000  3755 bytes for ./Expression_29@2x.png
2019-12-16 10:36:38 +0000  copying file ./chats_gif_410.gif ... 
2019-12-16 10:36:38 +0000  945356 bytes for ./chats_gif_410.gif
2019-12-16 10:36:38 +0000  copying file ./Expression_54@2x.png ... 
2019-12-16 10:36:38 +0000  3400 bytes for ./Expression_54@2x.png
copying file ./Expression_37@2x.png ... 
2019-12-16 10:36:38 +0000  1285 bytes for ./Expression_37@2x.png
2019-12-16 10:36:38 +0000  copying file ./WRHB ... 
2019-12-16 10:36:38 +0000  14176560 bytes for ./WRHB
copying file ./Expression_16@2x.png ... 
2019-12-16 10:36:38 +0000  3505 bytes for ./Expression_16@2x.png
copying file ./Expression_9@2x.png ... 
3540 bytes for ./Expression_9@2x.png
copying file ./chats_gif_409.gif ... 
915612 bytes for ./chats_gif_409.gif
2019-12-16 10:36:38 +0000  copying file ./Expression_75@2x.png ... 
2019-12-16 10:36:38 +0000  2962 bytes for ./Expression_75@2x.png
copying file ./Expression_79@2x.png ... 
2019-12-16 10:36:38 +0000  3227 bytes for ./Expression_79@2x.png
copying file ./Expression_5@2x.png ... 
2019-12-16 10:36:38 +0000  3331 bytes for ./Expression_5@2x.png
copying file ./packer.php ... 
2019-12-16 10:36:38 +0000  2010 bytes for ./packer.php
copying file ./img_defaulthead_nor.png ... 
2019-12-16 10:36:38 +0000  430 bytes for ./img_defaulthead_nor.png
copying file ./Expression_67@2x.png ... 
2019-12-16 10:36:38 +0000  2031 bytes for ./Expression_67@2x.png
2019-12-16 10:36:38 +0000  copying file ./img_defaulthead_nor@3x.png ... 
2019-12-16 10:36:38 +0000  1683 bytes for ./img_defaulthead_nor@3x.png
copying file ./Expression_32@2x.png ... 
2019-12-16 10:36:38 +0000  3458 bytes for ./Expression_32@2x.png
2019-12-16 10:36:38 +0000  copying file ./Expression_51@2x.png ... 
2019-12-16 10:36:38 +0000  3383 bytes for ./Expression_51@2x.png
copying file ./icon_zanting.png ... 
2019-12-16 10:36:38 +0000  2581 bytes for ./icon_zanting.png
2019-12-16 10:36:38 +0000  copying file ./main.js ... 
2019-12-16 10:36:38 +0000  1723 bytes for ./main.js
2019-12-16 10:36:38 +0000  copying file ./Expression_20@2x.png ... 
2019-12-16 10:36:38 +0000  3478 bytes for ./Expression_20@2x.png
2019-12-16 10:36:38 +0000  copying file ./toast_vol_4@2x.png ... 
2019-12-16 10:36:38 +0000  391 bytes for ./toast_vol_4@2x.png
2019-12-16 10:36:38 +0000  copying file ./liaotian_ic_yuyin_nor@3x.png ... 
2019-12-16 10:36:38 +0000  8560 bytes for ./liaotian_ic_yuyin_nor@3x.png
copying file ./Expression_43@2x.png ... 
2019-12-16 10:36:38 +0000  3598 bytes for ./Expression_43@2x.png
2019-12-16 10:36:38 +0000  copying file ./Expression_94@2x.png ... 
2019-12-16 10:36:38 +0000  2625 bytes for ./Expression_94@2x.png
2019-12-16 10:36:38 +0000  copying file ./Expression_86@2x.png ... 
2019-12-16 10:36:38 +0000  3452 bytes for ./Expression_86@2x.png
2019-12-16 10:36:38 +0000  copying file ./Expression_105@2x.png ... 
2019-12-16 10:36:38 +0000  2420 bytes for ./Expression_105@2x.png
2019-12-16 10:36:38 +0000  copying file ./Expression_98@2x.png ... 
2019-12-16 10:36:38 +0000  2515 bytes for ./Expression_98@2x.png
copying file ./Assets.car ... 
2019-12-16 10:36:38 +0000  44271960 bytes for ./Assets.car
copying file ./liaotian_ic_jianpan_press@2x.png ... 
2019-12-16 10:36:38 +0000  2342 bytes for ./liaotian_ic_jianpan_press@2x.png
copying file ./AppIcon40x40@2x~ipad.png ... 
23409 bytes for ./AppIcon40x40@2x~ipad.png
copying file ./AppIcon76x76@2x~ipad.png ... 
71005 bytes for ./AppIcon76x76@2x~ipad.png
copying file ./liaotian_ic_biaoqing_nor@3x.png ... 
3516 bytes for ./liaotian_ic_biaoqing_nor@3x.png
copying file ./liaotian_ic_biaoqing_nor@2x.png ... 
2019-12-16 10:36:38 +0000  2484 bytes for ./liaotian_ic_biaoqing_nor@2x.png
2019-12-16 10:36:38 +0000  copying file ./Expression_84@2x.png ... 
2019-12-16 10:36:38 +0000  2732 bytes for ./Expression_84@2x.png
copying file ./Expression_88@2x.png ... 
2019-12-16 10:36:38 +0000  3077 bytes for ./Expression_88@2x.png
2019-12-16 10:36:38 +0000  copying file ./liaotian_ic_press.png ... 
2019-12-16 10:36:38 +0000  1145 bytes for ./liaotian_ic_press.png
2019-12-16 10:36:38 +0000  copying file ./liaotian_ic_jianpan_press@3x.png ... 
2019-12-16 10:36:38 +0000  3200 bytes for ./liaotian_ic_jianpan_press@3x.png
2019-12-16 10:36:38 +0000  copying file ./Expression_96@2x.png ... 
2019-12-16 10:36:38 +0000  2547 bytes for ./Expression_96@2x.png
copying file ./mianView.png ... 
2019-12-16 10:36:38 +0000  10173 bytes for ./mianView.png
copying file ./Expression_18@2x.png ... 
2019-12-16 10:36:38 +0000  3677 bytes for ./Expression_18@2x.png
2019-12-16 10:36:38 +0000  copying file ./新增App注意事项.rtfd/TXT.rtf ... 
2019-12-16 10:36:38 +0000  1892 bytes for ./新增App注意事项.rtfd/TXT.rtf
copying file ./新增App注意事项.rtfd/2Packaging.png ... 
2019-12-16 10:36:38 +0000  18431 bytes for ./新增App注意事项.rtfd/2Packaging.png
2019-12-16 10:36:38 +0000  copying file ./新增App注意事项.rtfd/1Preprocessing.png ... 
2019-12-16 10:36:38 +0000  36938 bytes for ./新增App注意事项.rtfd/1Preprocessing.png
2019-12-16 10:36:38 +0000  copying file ./新增App注意事项.rtfd/3.info-wx.png ... 
2019-12-16 10:36:38 +0000  56025 bytes for ./新增App注意事项.rtfd/3.info-wx.png
2019-12-16 10:36:38 +0000  copying file ./Expression_65@2x.png ... 
2019-12-16 10:36:38 +0000  1716 bytes for ./Expression_65@2x.png
2019-12-16 10:36:38 +0000  copying file ./AppIcon83.5x83.5@2x~ipad.png ... 
2019-12-16 10:36:38 +0000  83843 bytes for ./AppIcon83.5x83.5@2x~ipad.png
2019-12-16 10:36:38 +0000  copying file ./Expression_7@2x.png ... 
2019-12-16 10:36:38 +0000  3744 bytes for ./Expression_7@2x.png
2019-12-16 10:36:38 +0000  copying file ./liaotian_ic_yuyin_nor@2x.png ... 
2019-12-16 10:36:38 +0000  2788 bytes for ./liaotian_ic_yuyin_nor@2x.png
2019-12-16 10:36:38 +0000  copying file ./LaunchImage-700-568h@2x.png ... 
2019-12-16 10:36:38 +0000  14942 bytes for ./LaunchImage-700-568h@2x.png
2019-12-16 10:36:38 +0000  copying file ./liaotian_ic_gengduo_press.png ... 
2019-12-16 10:36:38 +0000  620 bytes for ./liaotian_ic_gengduo_press.png
2019-12-16 10:36:38 +0000  copying file ./Expression_77@2x.png ... 
2019-12-16 10:36:38 +0000  2803 bytes for ./Expression_77@2x.png
2019-12-16 10:36:38 +0000  copying file ./MBProgressHUD+JDragon.bundle/MBProgressHUD/MBHUD_Success@2x.png ... 
2019-12-16 10:36:38 +0000  3655 bytes for ./MBProgressHUD+JDragon.bundle/MBProgressHUD/MBHUD_Success@2x.png
2019-12-16 10:36:38 +0000  copying file ./MBProgressHUD+JDragon.bundle/MBProgressHUD/MBHUD_Info@3x.png ... 
2019-12-16 10:36:38 +0000  4173 bytes for ./MBProgressHUD+JDragon.bundle/MBProgressHUD/MBHUD_Info@3x.png
copying file ./MBProgressHUD+JDragon.bundle/MBProgressHUD/.DS_Store ... 
2019-12-16 10:36:38 +0000  6148 bytes for ./MBProgressHUD+JDragon.bundle/MBProgressHUD/.DS_Store
copying file ./MBProgressHUD+JDragon.bundle/MBProgressHUD/MBHUD_Info@2x.png ... 
2019-12-16 10:36:38 +0000  3808 bytes for ./MBProgressHUD+JDragon.bundle/MBProgressHUD/MBHUD_Info@2x.png
2019-12-16 10:36:38 +0000  copying file ./MBProgressHUD+JDragon.bundle/MBProgressHUD/MBHUD_Success@3x.png ... 
2019-12-16 10:36:38 +0000  4255 bytes for ./MBProgressHUD+JDragon.bundle/MBProgressHUD/MBHUD_Success@3x.png
2019-12-16 10:36:38 +0000  copying file ./MBProgressHUD+JDragon.bundle/MBProgressHUD/MBHUD_Error@2x.png ... 
2019-12-16 10:36:38 +0000  3816 bytes for ./MBProgressHUD+JDragon.bundle/MBProgressHUD/MBHUD_Error@2x.png
copying file ./MBProgressHUD+JDragon.bundle/MBProgressHUD/MBHUD_Warn@3x.png ... 
2019-12-16 10:36:38 +0000  2696 bytes for ./MBProgressHUD+JDragon.bundle/MBProgressHUD/MBHUD_Warn@3x.png
2019-12-16 10:36:38 +0000  copying file ./MBProgressHUD+JDragon.bundle/MBProgressHUD/MBHUD_Warn@2x.png ... 
2019-12-16 10:36:38 +0000  3342 bytes for ./MBProgressHUD+JDragon.bundle/MBProgressHUD/MBHUD_Warn@2x.png
2019-12-16 10:36:38 +0000  copying file ./MBProgressHUD+JDragon.bundle/MBProgressHUD/MBHUD_Error@3x.png ... 
2019-12-16 10:36:38 +0000  4232 bytes for ./MBProgressHUD+JDragon.bundle/MBProgressHUD/MBHUD_Error@3x.png
2019-12-16 10:36:38 +0000  copying file ./Expression_14@2x.png ... 
2019-12-16 10:36:38 +0000  3432 bytes for ./Expression_14@2x.png
copying file ./img_defaulthead_nor@2x.png ... 
2019-12-16 10:36:38 +0000  1179 bytes for ./img_defaulthead_nor@2x.png
2019-12-16 10:36:38 +0000  copying file ./Expression_69@2x.png ... 
2019-12-16 10:36:38 +0000  1955 bytes for ./Expression_69@2x.png
copying file ./Expression_41@2x.png ... 
2019-12-16 10:36:38 +0000  3447 bytes for ./Expression_41@2x.png
2019-12-16 10:36:38 +0000  copying file ./Expression_22@2x.png ... 
2019-12-16 10:36:38 +0000  3597 bytes for ./Expression_22@2x.png
copying file ./toast_vol_6@2x.png ... 
2019-12-16 10:36:38 +0000  507 bytes for ./toast_vol_6@2x.png
2019-12-16 10:36:38 +0000  copying file ./JSPatch.js ... 
2019-12-16 10:36:38 +0000  9648 bytes for ./JSPatch.js
2019-12-16 10:36:38 +0000  copying file ./SAMKeychain.bundle/en.lproj/SAMKeychain.strings ... 
2019-12-16 10:36:38 +0000  1580 bytes for ./SAMKeychain.bundle/en.lproj/SAMKeychain.strings
2019-12-16 10:36:38 +0000  copying file ./Expression_53@2x.png ... 
2019-12-16 10:36:38 +0000  3309 bytes for ./Expression_53@2x.png
2019-12-16 10:36:38 +0000  copying file ./toast_cancelsend@2x.png ... 
2019-12-16 10:36:38 +0000  2497 bytes for ./toast_cancelsend@2x.png
copying file ./Expression_30@2x.png ... 
2019-12-16 10:36:38 +0000  3117 bytes for ./Expression_30@2x.png
2019-12-16 10:36:38 +0000  copying file ./liaotian_ic_biaoqing_press.png ... 
2019-12-16 10:36:38 +0000  736 bytes for ./liaotian_ic_biaoqing_press.png
2019-12-16 10:36:38 +0000  copying file ./none.png ... 
2019-12-16 10:36:38 +0000  2825 bytes for ./none.png
2019-12-16 10:36:38 +0000  copying file ./AppIcon29x29@2x~ipad.png ... 
2019-12-16 10:36:38 +0000  14142 bytes for ./AppIcon29x29@2x~ipad.png
2019-12-16 10:36:38 +0000  copying file ./Expression_92@2x.png ... 
2019-12-16 10:36:38 +0000  2253 bytes for ./Expression_92@2x.png
copying file ./Expression_103@2x.png ... 
2019-12-16 10:36:38 +0000  3198 bytes for ./Expression_103@2x.png
2019-12-16 10:36:38 +0000  copying file ./Expression_80@2x.png ... 
2019-12-16 10:36:38 +0000  2567 bytes for ./Expression_80@2x.png
copying file ./icon_fanhui.png ... 
2019-12-16 10:36:38 +0000  1382 bytes for ./icon_fanhui.png
2019-12-16 10:36:38 +0000  copying file ./Expression_57@2x.png ... 
2019-12-16 10:36:38 +0000  3199 bytes for ./Expression_57@2x.png
2019-12-16 10:36:38 +0000  copying file ./Expression_49@2x.png ... 
2019-12-16 10:36:38 +0000  3300 bytes for ./Expression_49@2x.png
copying file ./Expression_34@2x.png ... 
2019-12-16 10:36:38 +0000  3671 bytes for ./Expression_34@2x.png
copying file ./AppIcon40x40~ipad.png ... 
2019-12-16 10:36:38 +0000  8547 bytes for ./AppIcon40x40~ipad.png
2019-12-16 10:36:38 +0000  copying file ./Expression_45@2x.png ... 
2019-12-16 10:36:38 +0000  3271 bytes for ./Expression_45@2x.png
copying file ./Expression_38@2x.png ... 
2019-12-16 10:36:38 +0000  3670 bytes for ./Expression_38@2x.png
2019-12-16 10:36:38 +0000  copying file ./AddressBookViewController.nib ... 
2019-12-16 10:36:38 +0000  1571 bytes for ./AddressBookViewController.nib
copying file ./toast_vol_2@2x.png ... 
2019-12-16 10:36:38 +0000  260 bytes for ./toast_vol_2@2x.png
2019-12-16 10:36:38 +0000  copying file ./Expression_26@2x.png ... 
2019-12-16 10:36:38 +0000  3463 bytes for ./Expression_26@2x.png
copying file ./AppIcon20x20~ipad.png ... 
2019-12-16 10:36:38 +0000  4660 bytes for ./AppIcon20x20~ipad.png
2019-12-16 10:36:38 +0000  copying file ./Expression_73@2x.png ... 
2019-12-16 10:36:38 +0000  3089 bytes for ./Expression_73@2x.png
2019-12-16 10:36:38 +0000  copying file ./liaotian_ic_biaoqing_press@2x.png ... 
2019-12-16 10:36:38 +0000  2515 bytes for ./liaotian_ic_biaoqing_press@2x.png
2019-12-16 10:36:38 +0000  copying file ./Expression_10@2x.png ... 
2019-12-16 10:36:38 +0000  3561 bytes for ./Expression_10@2x.png
2019-12-16 10:36:38 +0000  copying file ./Expression_61@2x.png ... 
2019-12-16 10:36:38 +0000  3374 bytes for ./Expression_61@2x.png
2019-12-16 10:36:38 +0000  copying file ./Expression_3@2x.png ... 
2019-12-16 10:36:38 +0000  3350 bytes for ./Expression_3@2x.png
2019-12-16 10:36:38 +0000  copying file ./embedded.mobileprovision ... 
2019-12-16 10:36:38 +0000  7488 bytes for ./embedded.mobileprovision
2019-12-16 10:36:38 +0000  copying file ./Expression_59@2x.png ... 
2019-12-16 10:36:38 +0000  3741 bytes for ./Expression_59@2x.png
2019-12-16 10:36:38 +0000  copying file ./Expression_24@2x.png ... 
2019-12-16 10:36:38 +0000  3551 bytes for ./Expression_24@2x.png
2019-12-16 10:36:38 +0000  copying file ./Expression_47@2x.png ... 
2019-12-16 10:36:38 +0000  3424 bytes for ./Expression_47@2x.png
2019-12-16 10:36:38 +0000  copying file ./image12.gif ... 
2019-12-16 10:36:38 +0000  846575 bytes for ./image12.gif
2019-12-16 10:36:38 +0000  copying file ./Expression_36@2x.png ... 
2019-12-16 10:36:38 +0000  3715 bytes for ./Expression_36@2x.png
copying file ./Expression_55@2x.png ... 
2019-12-16 10:36:38 +0000  3620 bytes for ./Expression_55@2x.png
2019-12-16 10:36:38 +0000  copying file ./Expression_28@2x.png ... 
2019-12-16 10:36:38 +0000  3444 bytes for ./Expression_28@2x.png
copying file ./DeleteEmoticonBtnHL@2x.png ... 
2019-12-16 10:36:38 +0000  963 bytes for ./DeleteEmoticonBtnHL@2x.png
2019-12-16 10:36:38 +0000  copying file ./liaotian_ic_biaoqing_press@3x.png ... 
2019-12-16 10:36:38 +0000  3530 bytes for ./liaotian_ic_biaoqing_press@3x.png
copying file ./liaotian_ic_jianpan_press.png ... 
2019-12-16 10:36:38 +0000  809 bytes for ./liaotian_ic_jianpan_press.png
2019-12-16 10:36:38 +0000  copying file ./Expression_1@2x.png ... 
2019-12-16 10:36:38 +0000  3540 bytes for ./Expression_1@2x.png
2019-12-16 10:36:38 +0000  copying file ./Expression_63@2x.png ... 
2019-12-16 10:36:38 +0000  2825 bytes for ./Expression_63@2x.png
2019-12-16 10:36:38 +0000  copying file ./Expression_12@2x.png ... 
2019-12-16 10:36:38 +0000  3379 bytes for ./Expression_12@2x.png
copying file ./AppIcon20x20@2x~ipad.png ... 
2019-12-16 10:36:38 +0000  8547 bytes for ./AppIcon20x20@2x~ipad.png
2019-12-16 10:36:38 +0000  copying file ./Expression_71@2x.png ... 
2019-12-16 10:36:38 +0000  2769 bytes for ./Expression_71@2x.png
copying file ./toast_timeshort@2x.png ... 
2019-12-16 10:36:38 +0000  2363 bytes for ./toast_timeshort@2x.png
2019-12-16 10:36:38 +0000  copying file ./Info.plist ... 
2019-12-16 10:36:38 +0000  2037 bytes for ./Info.plist
2019-12-16 10:36:38 +0000  copying file ./image11.gif ... 
2019-12-16 10:36:38 +0000  2083188 bytes for ./image11.gif
2019-12-16 10:36:38 +0000  copying file ./PkgInfo ... 
8 bytes for ./PkgInfo
copying file ./Expression_82@2x.png ... 
2830 bytes for ./Expression_82@2x.png
copying file ./Expression_101@2x.png ... 
2019-12-16 10:36:38 +0000  2894 bytes for ./Expression_101@2x.png
copying file ./EasyOperater.nib ... 
2019-12-16 10:36:38 +0000  2757 bytes for ./EasyOperater.nib
2019-12-16 10:36:38 +0000  copying file ./AppIcon76x76~ipad.png ... 
2019-12-16 10:36:38 +0000  21628 bytes for ./AppIcon76x76~ipad.png
2019-12-16 10:36:38 +0000  copying file ./Expression_90@2x.png ... 
2019-12-16 10:36:38 +0000  3185 bytes for ./Expression_90@2x.png
2019-12-16 10:36:38 +0000  copying file ./liaotian_ic_gengduo_nor.png ... 
2019-12-16 10:36:38 +0000  639 bytes for ./liaotian_ic_gengduo_nor.png
2019-12-16 10:36:38 +0000  /usr/bin/ditto exited with 0
2019-12-16 10:36:38 +0000  Processing step: IDEDistributionEmbedProfileStep
2019-12-16 10:36:38 +0000  Processing step: IDEDistributionAppThinningPlistStep
2019-12-16 10:36:38 +0000  Skipping step: IDEDistributionAppThinningPlistStep because it said so
2019-12-16 10:36:38 +0000  Processing step: IDEDistributionCompileBitcodeStep
2019-12-16 10:36:38 +0000  Skipping step: IDEDistributionCompileBitcodeStep because it said so
2019-12-16 10:36:38 +0000  Processing step: IDEDistributionCodeSlimmingStep
2019-12-16 10:36:38 +0000  Processing step: IDEDistributionCopyBCSymbolMapsStep
2019-12-16 10:36:38 +0000  Skipping step: IDEDistributionCopyBCSymbolMapsStep because it said so
2019-12-16 10:36:38 +0000  Processing step: IDEDistributionSymbolsStep
2019-12-16 10:36:38 +0000  Skipping step: IDEDistributionSymbolsStep because it said so
2019-12-16 10:36:38 +0000  Processing step: IDEDistributionAppThinningStep
2019-12-16 10:36:38 +0000  Skipping step: IDEDistributionAppThinningStep because it said so
2019-12-16 10:36:38 +0000  Processing step: IDEDistributionArchThinningStep
2019-12-16 10:36:38 +0000  Running /Applications/Xcode10.3.app/Contents/Developer/Toolchains/XcodeDefault.xctoolchain/usr/bin/lipo '/var/folders/x3/_h9_95n54jv6qp98jhp7fvf00000gn/T/XcodeDistPipeline.~~~A0Xep2/Root/Payload/WRHB.app/WRHB' '-verify_arch' 'arm64e'
2019-12-16 10:36:38 +0000  /Applications/Xcode10.3.app/Contents/Developer/Toolchains/XcodeDefault.xctoolchain/usr/bin/lipo exited with 1
2019-12-16 10:36:38 +0000  Skipping architecture thinning for item "WRHB" because arch "arm64e" wasn't found
2019-12-16 10:36:38 +0000  Processing step: IDEDistributionODRStep
2019-12-16 10:36:38 +0000  Processing step: IDEDistributionStripXattrsStep
2019-12-16 10:36:38 +0000  Running /usr/bin/xattr '-crs' '/var/folders/x3/_h9_95n54jv6qp98jhp7fvf00000gn/T/XcodeDistPipeline.~~~A0Xep2/Root/Payload/WRHB.app'
2019-12-16 10:36:38 +0000  /usr/bin/xattr exited with 0
2019-12-16 10:36:38 +0000  Processing step: IDEDistributionCodesignStep
2019-12-16 10:36:38 +0000  Entitlements for <IDEDistributionItem: 0x7fa0778bc530 'com.yipin.WRHB' '<DVTFilePath:0x7fa091fe4bd0:'/Users/afan/Library/Developer/Xcode/Archives/2019-12-16/WRHB 2019-12-16, 6.33 PM.xcarchive/Products/Applications/WRHB.app'>'>: {
    "application-identifier" = "9TSZYWVJCJ.com.yipin.WRHB";
    "com.apple.developer.team-identifier" = 9TSZYWVJCJ;
    "get-task-allow" = 0;
    "keychain-access-groups" =     (
        "9TSZYWVJCJ.com.yipin.WRHB"
    );
}
2019-12-16 10:36:38 +0000  Writing entitlements for <IDEDistributionItem: 0x7fa0778bc530 'com.yipin.WRHB' '<DVTFilePath:0x7fa091fe4bd0:'/Users/afan/Library/Developer/Xcode/Archives/2019-12-16/WRHB 2019-12-16, 6.33 PM.xcarchive/Products/Applications/WRHB.app'>'> to: /var/folders/x3/_h9_95n54jv6qp98jhp7fvf00000gn/T/XcodeDistPipeline.~~~A0Xep2/entitlements~~~8bCncF
2019-12-16 10:36:38 +0000  Running /usr/bin/codesign '-vvv' '--force' '--sign' '355037268D08E70321266062A3B1017545F5D341' '--entitlements' '/var/folders/x3/_h9_95n54jv6qp98jhp7fvf00000gn/T/XcodeDistPipeline.~~~A0Xep2/entitlements~~~8bCncF' '--preserve-metadata=identifier,flags,runtime' '/var/folders/x3/_h9_95n54jv6qp98jhp7fvf00000gn/T/XcodeDistPipeline.~~~A0Xep2/Root/Payload/WRHB.app'
2019-12-16 10:36:38 +0000  /var/folders/x3/_h9_95n54jv6qp98jhp7fvf00000gn/T/XcodeDistPipeline.~~~A0Xep2/Root/Payload/WRHB.app: replacing existing signature
2019-12-16 10:36:39 +0000  /var/folders/x3/_h9_95n54jv6qp98jhp7fvf00000gn/T/XcodeDistPipeline.~~~A0Xep2/Root/Payload/WRHB.app: signed app bundle with Mach-O universal (armv7 arm64) [com.yipin.WRHB]
2019-12-16 10:36:39 +0000  /usr/bin/codesign exited with 0
2019-12-16 10:36:39 +0000  Processing step: IDEDistributionZipODRItemStep
2019-12-16 10:36:39 +0000  Skipping step: IDEDistributionZipODRItemStep because it said so
2019-12-16 10:36:39 +0000  Processing step: IDEDistributionCreateIPAStep
2019-12-16 10:36:39 +0000  Running /usr/bin/ditto '-V' '-c' '-k' '--norsrc' '/var/folders/x3/_h9_95n54jv6qp98jhp7fvf00000gn/T/XcodeDistPipeline.~~~A0Xep2/Root' '/var/folders/x3/_h9_95n54jv6qp98jhp7fvf00000gn/T/XcodeDistPipeline.~~~A0Xep2/Packages/WRHB.ipa'
2019-12-16 10:36:39 +0000  >>> Copying /var/folders/x3/_h9_95n54jv6qp98jhp7fvf00000gn/T/XcodeDistPipeline.~~~A0Xep2/Root 
2019-12-16 10:36:39 +0000  copying file ./Payload/WRHB.app/liaotian_ic_gengduo_press@3x.png ... 
2019-12-16 10:36:39 +0000  3215 bytes for ./Payload/WRHB.app/liaotian_ic_gengduo_press@3x.png
2019-12-16 10:36:39 +0000  copying file ./Payload/WRHB.app/backItemImage_hl@2x.png ... 
2019-12-16 10:36:39 +0000  163 bytes for ./Payload/WRHB.app/backItemImage_hl@2x.png
copying file ./Payload/WRHB.app/_CodeSignature/CodeResources ... 
2019-12-16 10:36:39 +0000  91816 bytes for ./Payload/WRHB.app/_CodeSignature/CodeResources
2019-12-16 10:36:39 +0000  copying file ./Payload/WRHB.app/GuideImage.bundle/guideImage_button_backgound.png ... 
2019-12-16 10:36:39 +0000  10400 bytes for ./Payload/WRHB.app/GuideImage.bundle/guideImage_button_backgound.png
2019-12-16 10:36:39 +0000  copying file ./Payload/WRHB.app/liaotian_ic_gengduo_nor@2x.png ... 
2019-12-16 10:36:39 +0000  2197 bytes for ./Payload/WRHB.app/liaotian_ic_gengduo_nor@2x.png
copying file ./Payload/WRHB.app/Expression_95@2x.png ... 
2019-12-16 10:36:39 +0000  2634 bytes for ./Payload/WRHB.app/Expression_95@2x.png
copying file ./Payload/WRHB.app/Expression_104@2x.png ... 
2019-12-16 10:36:39 +0000  2259 bytes for ./Payload/WRHB.app/Expression_104@2x.png
copying file ./Payload/WRHB.app/Expression_99@2x.png ... 
2019-12-16 10:36:39 +0000  2376 bytes for ./Payload/WRHB.app/Expression_99@2x.png
copying file ./Payload/WRHB.app/Expression_87@2x.png ... 
2019-12-16 10:36:39 +0000  2664 bytes for ./Payload/WRHB.app/Expression_87@2x.png
copying file ./Payload/WRHB.app/Expression_50@2x.png ... 
2019-12-16 10:36:39 +0000  3343 bytes for ./Payload/WRHB.app/Expression_50@2x.png
copying file ./Payload/WRHB.app/AppIcon20x20@2x.png ... 
2019-12-16 10:36:39 +0000  8547 bytes for ./Payload/WRHB.app/AppIcon20x20@2x.png
copying file ./Payload/WRHB.app/bank.plist ... 
2019-12-16 10:36:39 +0000  24087 bytes for ./Payload/WRHB.app/bank.plist
2019-12-16 10:36:39 +0000  copying file ./Payload/WRHB.app/Expression_33@2x.png ... 
3243 bytes for ./Payload/WRHB.app/Expression_33@2x.png
copying file ./Payload/WRHB.app/Expression_42@2x.png ... 
3600 bytes for ./Payload/WRHB.app/Expression_42@2x.png
copying file ./Payload/WRHB.app/backItemImage@2x.png ... 
2019-12-16 10:36:39 +0000  163 bytes for ./Payload/WRHB.app/backItemImage@2x.png
copying file ./Payload/WRHB.app/toast_vol_5@2x.png ... 
439 bytes for ./Payload/WRHB.app/toast_vol_5@2x.png
2019-12-16 10:36:39 +0000  copying file ./Payload/WRHB.app/Expression_21@2x.png ... 
3670 bytes for ./Payload/WRHB.app/Expression_21@2x.png
2019-12-16 10:36:39 +0000  copying file ./Payload/WRHB.app/Expression_74@2x.png ... 
2464 bytes for ./Payload/WRHB.app/Expression_74@2x.png
2019-12-16 10:36:39 +0000  copying file ./Payload/WRHB.app/BAKit_WebView.bundle/navigationbar_more@3x.png ... 
2019-12-16 10:36:39 +0000  221 bytes for ./Payload/WRHB.app/BAKit_WebView.bundle/navigationbar_more@3x.png
copying file ./Payload/WRHB.app/BAKit_WebView.bundle/navigationbar_more@2x.png ... 
2019-12-16 10:36:39 +0000  1142 bytes for ./Payload/WRHB.app/BAKit_WebView.bundle/navigationbar_more@2x.png
copying file ./Payload/WRHB.app/BAKit_WebView.bundle/navigationbar_back@2x.png ... 
2019-12-16 10:36:39 +0000  1234 bytes for ./Payload/WRHB.app/BAKit_WebView.bundle/navigationbar_back@2x.png
copying file ./Payload/WRHB.app/BAKit_WebView.bundle/navigationbar_back@3x.png ... 
2019-12-16 10:36:39 +0000  338 bytes for ./Payload/WRHB.app/BAKit_WebView.bundle/navigationbar_back@3x.png
copying file ./Payload/WRHB.app/Expression_8@2x.png ... 
2019-12-16 10:36:39 +0000  3290 bytes for ./Payload/WRHB.app/Expression_8@2x.png
copying file ./Payload/WRHB.app/Expression_17@2x.png ... 
2019-12-16 10:36:39 +0000  3394 bytes for ./Payload/WRHB.app/Expression_17@2x.png
copying file ./Payload/WRHB.app/Expression_4@2x.png ... 
2019-12-16 10:36:39 +0000  3631 bytes for ./Payload/WRHB.app/Expression_4@2x.png
copying file ./Payload/WRHB.app/Expression_66@2x.png ... 
2019-12-16 10:36:39 +0000  1836 bytes for ./Payload/WRHB.app/Expression_66@2x.png
copying file ./Payload/WRHB.app/Expression_78@2x.png ... 
1867 bytes for ./Payload/WRHB.app/Expression_78@2x.png
2019-12-16 10:36:39 +0000  copying file ./Payload/WRHB.app/DeleteEmoticonBtn@2x.png ... 
945 bytes for ./Payload/WRHB.app/DeleteEmoticonBtn@2x.png
copying file ./Payload/WRHB.app/toast_vol_7@2x.png ... 
2019-12-16 10:36:39 +0000  565 bytes for ./Payload/WRHB.app/toast_vol_7@2x.png
2019-12-16 10:36:39 +0000  copying file ./Payload/WRHB.app/Expression_23@2x.png ... 
2019-12-16 10:36:39 +0000  3692 bytes for ./Payload/WRHB.app/Expression_23@2x.png
copying file ./Payload/WRHB.app/Expression_40@2x.png ... 
2019-12-16 10:36:39 +0000  3174 bytes for ./Payload/WRHB.app/Expression_40@2x.png
copying file ./Payload/WRHB.app/Expression_31@2x.png ... 
2019-12-16 10:36:39 +0000  3754 bytes for ./Payload/WRHB.app/Expression_31@2x.png
copying file ./Payload/WRHB.app/Expression_52@2x.png ... 
3258 bytes for ./Payload/WRHB.app/Expression_52@2x.png
copying file ./Payload/WRHB.app/emotion_icons.plist ... 
1727 bytes for ./Payload/WRHB.app/emotion_icons.plist
copying file ./Payload/WRHB.app/Expression_64@2x.png ... 
2019-12-16 10:36:39 +0000  1380 bytes for ./Payload/WRHB.app/Expression_64@2x.png
copying file ./Payload/WRHB.app/Expression_6@2x.png ... 
2019-12-16 10:36:39 +0000  3100 bytes for ./Payload/WRHB.app/Expression_6@2x.png
2019-12-16 10:36:39 +0000  copying file ./Payload/WRHB.app/Expression_19@2x.png ... 
2019-12-16 10:36:39 +0000  3382 bytes for ./Payload/WRHB.app/Expression_19@2x.png
copying file ./Payload/WRHB.app/Expression_68@2x.png ... 
2019-12-16 10:36:39 +0000  2915 bytes for ./Payload/WRHB.app/Expression_68@2x.png
copying file ./Payload/WRHB.app/AppIcon20x20@3x.png ... 
2019-12-16 10:36:39 +0000  14792 bytes for ./Payload/WRHB.app/AppIcon20x20@3x.png
2019-12-16 10:36:39 +0000  copying file ./Payload/WRHB.app/Expression_15@2x.png ... 
2019-12-16 10:36:39 +0000  3223 bytes for ./Payload/WRHB.app/Expression_15@2x.png
copying file ./Payload/WRHB.app/Expression_76@2x.png ... 
2019-12-16 10:36:39 +0000  2249 bytes for ./Payload/WRHB.app/Expression_76@2x.png
copying file ./Payload/WRHB.app/chats_gif_499.gif ... 
2019-12-16 10:36:39 +0000  1041589 bytes for ./Payload/WRHB.app/chats_gif_499.gif
copying file ./Payload/WRHB.app/liaotian_ic_gengduo_nor@3x.png ... 
2019-12-16 10:36:39 +0000  3173 bytes for ./Payload/WRHB.app/liaotian_ic_gengduo_nor@3x.png
copying file ./Payload/WRHB.app/unicode_to_hanyu_pinyin.txt ... 
2019-12-16 10:36:39 +0000  286446 bytes for ./Payload/WRHB.app/unicode_to_hanyu_pinyin.txt
2019-12-16 10:36:39 +0000  copying file ./Payload/WRHB.app/Expression_85@2x.png ... 
2729 bytes for ./Payload/WRHB.app/Expression_85@2x.png
2019-12-16 10:36:39 +0000  copying file ./Payload/WRHB.app/MJRefresh.bundle/zh-Hans.lproj/Localizable.strings ... 
1194 bytes for ./Payload/WRHB.app/MJRefresh.bundle/zh-Hans.lproj/Localizable.strings
2019-12-16 10:36:39 +0000  copying file ./Payload/WRHB.app/MJRefresh.bundle/en.lproj/Localizable.strings ... 
1374 bytes for ./Payload/WRHB.app/MJRefresh.bundle/en.lproj/Localizable.strings
2019-12-16 10:36:39 +0000  copying file ./Payload/WRHB.app/MJRefresh.bundle/uk.lproj/Localizable.strings ... 
1534 bytes for ./Payload/WRHB.app/MJRefresh.bundle/uk.lproj/Localizable.strings
2019-12-16 10:36:39 +0000  copying file ./Payload/WRHB.app/MJRefresh.bundle/arrow@2x.png ... 
2019-12-16 10:36:39 +0000  1033 bytes for ./Payload/WRHB.app/MJRefresh.bundle/arrow@2x.png
copying file ./Payload/WRHB.app/MJRefresh.bundle/ko.lproj/Localizable.strings ... 
2019-12-16 10:36:39 +0000  771 bytes for ./Payload/WRHB.app/MJRefresh.bundle/ko.lproj/Localizable.strings
copying file ./Payload/WRHB.app/MJRefresh.bundle/zh-Hant.lproj/Localizable.strings ... 
2019-12-16 10:36:39 +0000  773 bytes for ./Payload/WRHB.app/MJRefresh.bundle/zh-Hant.lproj/Localizable.strings
copying file ./Payload/WRHB.app/MJRefresh.bundle/ru.lproj/Localizable.strings ... 
2019-12-16 10:36:39 +0000  1502 bytes for ./Payload/WRHB.app/MJRefresh.bundle/ru.lproj/Localizable.strings
copying file ./Payload/WRHB.app/Expression_97@2x.png ... 
2019-12-16 10:36:39 +0000  3086 bytes for ./Payload/WRHB.app/Expression_97@2x.png
copying file ./Payload/WRHB.app/liaotian_ic_gengduo_press@2x.png ... 
2019-12-16 10:36:39 +0000  2248 bytes for ./Payload/WRHB.app/liaotian_ic_gengduo_press@2x.png
copying file ./Payload/WRHB.app/Expression_89@2x.png ... 
2019-12-16 10:36:39 +0000  2491 bytes for ./Payload/WRHB.app/Expression_89@2x.png
2019-12-16 10:36:39 +0000  copying file ./Payload/WRHB.app/Expression_11@2x.png ... 
2019-12-16 10:36:39 +0000  3301 bytes for ./Payload/WRHB.app/Expression_11@2x.png
copying file ./Payload/WRHB.app/Expression_72@2x.png ... 
2019-12-16 10:36:39 +0000  1428 bytes for ./Payload/WRHB.app/Expression_72@2x.png
copying file ./Payload/WRHB.app/Expression_60@2x.png ... 
2019-12-16 10:36:39 +0000  3137 bytes for ./Payload/WRHB.app/Expression_60@2x.png
copying file ./Payload/WRHB.app/Expression_2@2x.png ... 
2019-12-16 10:36:39 +0000  3461 bytes for ./Payload/WRHB.app/Expression_2@2x.png
copying file ./Payload/WRHB.app/AppIcon60x60@2x.png ... 
2019-12-16 10:36:39 +0000  46913 bytes for ./Payload/WRHB.app/AppIcon60x60@2x.png
2019-12-16 10:36:39 +0000  copying file ./Payload/WRHB.app/Expression_35@2x.png ... 
2019-12-16 10:36:39 +0000  3551 bytes for ./Payload/WRHB.app/Expression_35@2x.png
copying file ./Payload/WRHB.app/Expression_48@2x.png ... 
3271 bytes for ./Payload/WRHB.app/Expression_48@2x.png
2019-12-16 10:36:39 +0000  copying file ./Payload/WRHB.app/IQKeyboardManager.bundle/Assets.car ... 
2019-12-16 10:36:39 +0000  46920 bytes for ./Payload/WRHB.app/IQKeyboardManager.bundle/Assets.car
2019-12-16 10:36:39 +0000  copying file ./Payload/WRHB.app/IQKeyboardManager.bundle/Info.plist ... 
732 bytes for ./Payload/WRHB.app/IQKeyboardManager.bundle/Info.plist
copying file ./Payload/WRHB.app/Expression_56@2x.png ... 
2019-12-16 10:36:39 +0000  1745 bytes for ./Payload/WRHB.app/Expression_56@2x.png
copying file ./Payload/WRHB.app/Expression_27@2x.png ... 
2019-12-16 10:36:39 +0000  3023 bytes for ./Payload/WRHB.app/Expression_27@2x.png
copying file ./Payload/WRHB.app/XFCameraController.nib ... 
2019-12-16 10:36:39 +0000  4827 bytes for ./Payload/WRHB.app/XFCameraController.nib
copying file ./Payload/WRHB.app/toast_vol_3@2x.png ... 
2019-12-16 10:36:39 +0000  321 bytes for ./Payload/WRHB.app/toast_vol_3@2x.png
copying file ./Payload/WRHB.app/Expression_39@2x.png ... 
2019-12-16 10:36:39 +0000  2882 bytes for ./Payload/WRHB.app/Expression_39@2x.png
copying file ./Payload/WRHB.app/Expression_44@2x.png ... 
2019-12-16 10:36:39 +0000  3458 bytes for ./Payload/WRHB.app/Expression_44@2x.png
copying file ./Payload/WRHB.app/Expression_93@2x.png ... 
2019-12-16 10:36:39 +0000  2205 bytes for ./Payload/WRHB.app/Expression_93@2x.png
copying file ./Payload/WRHB.app/AppIcon29x29@2x.png ... 
2019-12-16 10:36:39 +0000  14142 bytes for ./Payload/WRHB.app/AppIcon29x29@2x.png
2019-12-16 10:36:39 +0000  copying file ./Payload/WRHB.app/liaotian_ic_press@3x.png ... 
2019-12-16 10:36:39 +0000  8737 bytes for ./Payload/WRHB.app/liaotian_ic_press@3x.png
2019-12-16 10:36:39 +0000  copying file ./Payload/WRHB.app/liaotian_ic_yuyin_nor.png ... 
2019-12-16 10:36:39 +0000  1100 bytes for ./Payload/WRHB.app/liaotian_ic_yuyin_nor.png
copying file ./Payload/WRHB.app/icon_bofang.png ... 
2019-12-16 10:36:39 +0000  2512 bytes for ./Payload/WRHB.app/icon_bofang.png
copying file ./Payload/WRHB.app/Expression_81@2x.png ... 
2019-12-16 10:36:39 +0000  2370 bytes for ./Payload/WRHB.app/Expression_81@2x.png
copying file ./Payload/WRHB.app/Expression_102@2x.png ... 
2019-12-16 10:36:39 +0000  2588 bytes for ./Payload/WRHB.app/Expression_102@2x.png
2019-12-16 10:36:39 +0000  copying file ./Payload/WRHB.app/AFStatusBarHUD.bundle/vv_success.png ... 
2019-12-16 10:36:39 +0000  1324 bytes for ./Payload/WRHB.app/AFStatusBarHUD.bundle/vv_success.png
copying file ./Payload/WRHB.app/AFStatusBarHUD.bundle/vv_success@2x.png ... 
2019-12-16 10:36:39 +0000  1539 bytes for ./Payload/WRHB.app/AFStatusBarHUD.bundle/vv_success@2x.png
2019-12-16 10:36:39 +0000  copying file ./Payload/WRHB.app/AFStatusBarHUD.bundle/vv_error@2x.png ... 
1440 bytes for ./Payload/WRHB.app/AFStatusBarHUD.bundle/vv_error@2x.png
2019-12-16 10:36:39 +0000  copying file ./Payload/WRHB.app/AFStatusBarHUD.bundle/vv_error.png ... 
2019-12-16 10:36:39 +0000  1280 bytes for ./Payload/WRHB.app/AFStatusBarHUD.bundle/vv_error.png
copying file ./Payload/WRHB.app/WKJSPOST.html ... 
1003 bytes for ./Payload/WRHB.app/WKJSPOST.html
copying file ./Payload/WRHB.app/AppIcon40x40@3x.png ... 
2019-12-16 10:36:39 +0000  46913 bytes for ./Payload/WRHB.app/AppIcon40x40@3x.png
2019-12-16 10:36:39 +0000  copying file ./Payload/WRHB.app/liaotian_ic_jianpan_nor@3x.png ... 
2019-12-16 10:36:39 +0000  3195 bytes for ./Payload/WRHB.app/liaotian_ic_jianpan_nor@3x.png
copying file ./Payload/WRHB.app/toast_microphone@2x.png ... 
2019-12-16 10:36:39 +0000  2806 bytes for ./Payload/WRHB.app/toast_microphone@2x.png
2019-12-16 10:36:39 +0000  copying file ./Payload/WRHB.app/TZImagePickerController.bundle/de.lproj/Localizable.strings ... 
2019-12-16 10:36:39 +0000  1737 bytes for ./Payload/WRHB.app/TZImagePickerController.bundle/de.lproj/Localizable.strings
copying file ./Payload/WRHB.app/TZImagePickerController.bundle/he.lproj/Localizable.strings ... 
2019-12-16 10:36:39 +0000  953 bytes for ./Payload/WRHB.app/TZImagePickerController.bundle/he.lproj/Localizable.strings
2019-12-16 10:36:39 +0000  copying file ./Payload/WRHB.app/TZImagePickerController.bundle/ar.lproj/Localizable.strings ... 
2068 bytes for ./Payload/WRHB.app/TZImagePickerController.bundle/ar.lproj/Localizable.strings
2019-12-16 10:36:39 +0000  copying file ./Payload/WRHB.app/TZImagePickerController.bundle/el.lproj/Localizable.strings ... 
2019-12-16 10:36:39 +0000  1151 bytes for ./Payload/WRHB.app/TZImagePickerController.bundle/el.lproj/Localizable.strings
copying file ./Payload/WRHB.app/TZImagePickerController.bundle/takePicture@2x.png ... 
2019-12-16 10:36:39 +0000  3054 bytes for ./Payload/WRHB.app/TZImagePickerController.bundle/takePicture@2x.png
copying file ./Payload/WRHB.app/TZImagePickerController.bundle/zh-Hans.lproj/Localizable.strings ... 
2019-12-16 10:36:39 +0000  2428 bytes for ./Payload/WRHB.app/TZImagePickerController.bundle/zh-Hans.lproj/Localizable.strings
2019-12-16 10:36:39 +0000  copying file ./Payload/WRHB.app/TZImagePickerController.bundle/ja.lproj/Localizable.strings ... 
2019-12-16 10:36:39 +0000  1956 bytes for ./Payload/WRHB.app/TZImagePickerController.bundle/ja.lproj/Localizable.strings
copying file ./Payload/WRHB.app/TZImagePickerController.bundle/photo_sel_photoPickerVc@2x.png ... 
2019-12-16 10:36:39 +0000  1006 bytes for ./Payload/WRHB.app/TZImagePickerController.bundle/photo_sel_photoPickerVc@2x.png
copying file ./Payload/WRHB.app/TZImagePickerController.bundle/en.lproj/Localizable.strings ... 
2019-12-16 10:36:39 +0000  3138 bytes for ./Payload/WRHB.app/TZImagePickerController.bundle/en.lproj/Localizable.strings
copying file ./Payload/WRHB.app/TZImagePickerController.bundle/uk.lproj/Localizable.strings ... 
2019-12-16 10:36:39 +0000  1096 bytes for ./Payload/WRHB.app/TZImagePickerController.bundle/uk.lproj/Localizable.strings
copying file ./Payload/WRHB.app/TZImagePickerController.bundle/MMVideoPreviewPlayHL@2x.png ... 
2019-12-16 10:36:39 +0000  3645 bytes for ./Payload/WRHB.app/TZImagePickerController.bundle/MMVideoPreviewPlayHL@2x.png
copying file ./Payload/WRHB.app/TZImagePickerController.bundle/es.lproj/Localizable.strings ... 
2019-12-16 10:36:39 +0000  1685 bytes for ./Payload/WRHB.app/TZImagePickerController.bundle/es.lproj/Localizable.strings
copying file ./Payload/WRHB.app/TZImagePickerController.bundle/photo_sel_previewVc@2x.png ... 
2019-12-16 10:36:39 +0000  1183 bytes for ./Payload/WRHB.app/TZImagePickerController.bundle/photo_sel_previewVc@2x.png
2019-12-16 10:36:39 +0000  copying file ./Payload/WRHB.app/TZImagePickerController.bundle/MMVideoPreviewPlay@2x.png ... 
3645 bytes for ./Payload/WRHB.app/TZImagePickerController.bundle/MMVideoPreviewPlay@2x.png
2019-12-16 10:36:39 +0000  copying file ./Payload/WRHB.app/TZImagePickerController.bundle/it.lproj/Localizable.strings ... 
2019-12-16 10:36:39 +0000  873 bytes for ./Payload/WRHB.app/TZImagePickerController.bundle/it.lproj/Localizable.strings
copying file ./Payload/WRHB.app/TZImagePickerController.bundle/bg.lproj/Localizable.strings ... 
2019-12-16 10:36:39 +0000  1080 bytes for ./Payload/WRHB.app/TZImagePickerController.bundle/bg.lproj/Localizable.strings
copying file ./Payload/WRHB.app/TZImagePickerController.bundle/sk.lproj/Localizable.strings ... 
2019-12-16 10:36:39 +0000  879 bytes for ./Payload/WRHB.app/TZImagePickerController.bundle/sk.lproj/Localizable.strings
copying file ./Payload/WRHB.app/TZImagePickerController.bundle/preview_original_def@2x.png ... 
2019-12-16 10:36:39 +0000  392 bytes for ./Payload/WRHB.app/TZImagePickerController.bundle/preview_original_def@2x.png
copying file ./Payload/WRHB.app/TZImagePickerController.bundle/sv.lproj/Localizable.strings ... 
2019-12-16 10:36:39 +0000  824 bytes for ./Payload/WRHB.app/TZImagePickerController.bundle/sv.lproj/Localizable.strings
copying file ./Payload/WRHB.app/TZImagePickerController.bundle/photo_def_previewVc@2x.png ... 
2019-12-16 10:36:39 +0000  1155 bytes for ./Payload/WRHB.app/TZImagePickerController.bundle/photo_def_previewVc@2x.png
copying file ./Payload/WRHB.app/TZImagePickerController.bundle/ko.lproj/Localizable.strings ... 
2019-12-16 10:36:39 +0000  886 bytes for ./Payload/WRHB.app/TZImagePickerController.bundle/ko.lproj/Localizable.strings
copying file ./Payload/WRHB.app/TZImagePickerController.bundle/photo_original_sel@2x.png ... 
2019-12-16 10:36:39 +0000  620 bytes for ./Payload/WRHB.app/TZImagePickerController.bundle/photo_original_sel@2x.png
2019-12-16 10:36:39 +0000  copying file ./Payload/WRHB.app/TZImagePickerController.bundle/ko-KP.lproj/Localizable.strings ... 
2019-12-16 10:36:39 +0000  1868 bytes for ./Payload/WRHB.app/TZImagePickerController.bundle/ko-KP.lproj/Localizable.strings
copying file ./Payload/WRHB.app/TZImagePickerController.bundle/zh-Hant.lproj/Localizable.strings ... 
2019-12-16 10:36:39 +0000  2424 bytes for ./Payload/WRHB.app/TZImagePickerController.bundle/zh-Hant.lproj/Localizable.strings
copying file ./Payload/WRHB.app/TZImagePickerController.bundle/takePicture80@2x.png ... 
2019-12-16 10:36:39 +0000  1285 bytes for ./Payload/WRHB.app/TZImagePickerController.bundle/takePicture80@2x.png
copying file ./Payload/WRHB.app/TZImagePickerController.bundle/photo_def_photoPickerVc@2x.png ... 
2019-12-16 10:36:39 +0000  1155 bytes for ./Payload/WRHB.app/TZImagePickerController.bundle/photo_def_photoPickerVc@2x.png
copying file ./Payload/WRHB.app/TZImagePickerController.bundle/tr.lproj/Localizable.strings ... 
2019-12-16 10:36:39 +0000  844 bytes for ./Payload/WRHB.app/TZImagePickerController.bundle/tr.lproj/Localizable.strings
2019-12-16 10:36:39 +0000  copying file ./Payload/WRHB.app/TZImagePickerController.bundle/pl.lproj/Localizable.strings ... 
858 bytes for ./Payload/WRHB.app/TZImagePickerController.bundle/pl.lproj/Localizable.strings
2019-12-16 10:36:39 +0000  copying file ./Payload/WRHB.app/TZImagePickerController.bundle/preview_number_icon@2x.png ... 
501 bytes for ./Payload/WRHB.app/TZImagePickerController.bundle/preview_number_icon@2x.png
2019-12-16 10:36:39 +0000  copying file ./Payload/WRHB.app/TZImagePickerController.bundle/vi.lproj/Localizable.strings ... 
2019-12-16 10:36:39 +0000  1899 bytes for ./Payload/WRHB.app/TZImagePickerController.bundle/vi.lproj/Localizable.strings
copying file ./Payload/WRHB.app/TZImagePickerController.bundle/navi_back@2x.png ... 
2019-12-16 10:36:39 +0000  116 bytes for ./Payload/WRHB.app/TZImagePickerController.bundle/navi_back@2x.png
copying file ./Payload/WRHB.app/TZImagePickerController.bundle/ru.lproj/Localizable.strings ... 
2019-12-16 10:36:39 +0000  2276 bytes for ./Payload/WRHB.app/TZImagePickerController.bundle/ru.lproj/Localizable.strings
copying file ./Payload/WRHB.app/TZImagePickerController.bundle/cs-CZ.lproj/Localizable.strings ... 
2019-12-16 10:36:39 +0000  822 bytes for ./Payload/WRHB.app/TZImagePickerController.bundle/cs-CZ.lproj/Localizable.strings
copying file ./Payload/WRHB.app/TZImagePickerController.bundle/photo_original_def@2x.png ... 
2019-12-16 10:36:39 +0000  1602 bytes for ./Payload/WRHB.app/TZImagePickerController.bundle/photo_original_def@2x.png
copying file ./Payload/WRHB.app/TZImagePickerController.bundle/fr.lproj/Localizable.strings ... 
2019-12-16 10:36:39 +0000  1821 bytes for ./Payload/WRHB.app/TZImagePickerController.bundle/fr.lproj/Localizable.strings
2019-12-16 10:36:39 +0000  copying file ./Payload/WRHB.app/TZImagePickerController.bundle/nl.lproj/Localizable.strings ... 
821 bytes for ./Payload/WRHB.app/TZImagePickerController.bundle/nl.lproj/Localizable.strings
2019-12-16 10:36:39 +0000  copying file ./Payload/WRHB.app/TZImagePickerController.bundle/th.lproj/Localizable.strings ... 
2019-12-16 10:36:39 +0000  1247 bytes for ./Payload/WRHB.app/TZImagePickerController.bundle/th.lproj/Localizable.strings
copying file ./Payload/WRHB.app/TZImagePickerController.bundle/pt.lproj/Localizable.strings ... 
2019-12-16 10:36:39 +0000  1716 bytes for ./Payload/WRHB.app/TZImagePickerController.bundle/pt.lproj/Localizable.strings
copying file ./Payload/WRHB.app/TZImagePickerController.bundle/photo_number_icon@2x.png ... 
2019-12-16 10:36:39 +0000  501 bytes for ./Payload/WRHB.app/TZImagePickerController.bundle/photo_number_icon@2x.png
copying file ./Payload/WRHB.app/TZImagePickerController.bundle/VideoSendIcon@2x.png ... 
2019-12-16 10:36:39 +0000  223 bytes for ./Payload/WRHB.app/TZImagePickerController.bundle/VideoSendIcon@2x.png
copying file ./Payload/WRHB.app/TZImagePickerController.bundle/ro.lproj/Localizable.strings ... 
2019-12-16 10:36:39 +0000  887 bytes for ./Payload/WRHB.app/TZImagePickerController.bundle/ro.lproj/Localizable.strings
copying file ./Payload/WRHB.app/liaotian_ic_biaoqing_nor.png ... 
2019-12-16 10:36:39 +0000  745 bytes for ./Payload/WRHB.app/liaotian_ic_biaoqing_nor.png
copying file ./Payload/WRHB.app/Expression_100@2x.png ... 
2019-12-16 10:36:39 +0000  2250 bytes for ./Payload/WRHB.app/Expression_100@2x.png
copying file ./Payload/WRHB.app/AppIcon29x29~ipad.png ... 
2019-12-16 10:36:39 +0000  6115 bytes for ./Payload/WRHB.app/AppIcon29x29~ipad.png
copying file ./Payload/WRHB.app/liaotian_ic_jianpan_nor.png ... 
2019-12-16 10:36:39 +0000  816 bytes for ./Payload/WRHB.app/liaotian_ic_jianpan_nor.png
copying file ./Payload/WRHB.app/Expression_83@2x.png ... 
2019-12-16 10:36:39 +0000  2967 bytes for ./Payload/WRHB.app/Expression_83@2x.png
copying file ./Payload/WRHB.app/chats_gif_406.gif ... 
2019-12-16 10:36:39 +0000  819016 bytes for ./Payload/WRHB.app/chats_gif_406.gif
copying file ./Payload/WRHB.app/liaotian_ic_jianpan_nor@2x.png ... 
2019-12-16 10:36:39 +0000  2318 bytes for ./Payload/WRHB.app/liaotian_ic_jianpan_nor@2x.png
copying file ./Payload/WRHB.app/AppIcon40x40@2x.png ... 
2019-12-16 10:36:39 +0000  23409 bytes for ./Payload/WRHB.app/AppIcon40x40@2x.png
copying file ./Payload/WRHB.app/Expression_91@2x.png ... 
2019-12-16 10:36:39 +0000  2832 bytes for ./Payload/WRHB.app/Expression_91@2x.png
2019-12-16 10:36:39 +0000  copying file ./Payload/WRHB.app/chats_gif_407.gif ... 
2019-12-16 10:36:39 +0000  1476079 bytes for ./Payload/WRHB.app/chats_gif_407.gif
copying file ./Payload/WRHB.app/success.mp3 ... 
2019-12-16 10:36:39 +0000  41134 bytes for ./Payload/WRHB.app/success.mp3
2019-12-16 10:36:39 +0000  copying file ./Payload/WRHB.app/liaotian_ic_press@2x.png ... 
2822 bytes for ./Payload/WRHB.app/liaotian_ic_press@2x.png
copying file ./Payload/WRHB.app/AppIcon29x29@3x.png ... 
2019-12-16 10:36:39 +0000  26998 bytes for ./Payload/WRHB.app/AppIcon29x29@3x.png
copying file ./Payload/WRHB.app/Expression_62@2x.png ... 
2019-12-16 10:36:39 +0000  2799 bytes for ./Payload/WRHB.app/Expression_62@2x.png
copying file ./Payload/WRHB.app/chats_gif_405.gif ... 
2019-12-16 10:36:39 +0000  1046137 bytes for ./Payload/WRHB.app/chats_gif_405.gif
2019-12-16 10:36:39 +0000  copying file ./Payload/WRHB.app/chats_gif_411.gif ... 
2019-12-16 10:36:39 +0000  1198782 bytes for ./Payload/WRHB.app/chats_gif_411.gif
copying file ./Payload/WRHB.app/Expression_70@2x.png ... 
2019-12-16 10:36:39 +0000  1158 bytes for ./Payload/WRHB.app/Expression_70@2x.png
copying file ./Payload/WRHB.app/Expression_13@2x.png ... 
2019-12-16 10:36:39 +0000  3648 bytes for ./Payload/WRHB.app/Expression_13@2x.png
copying file ./Payload/WRHB.app/AppIcon60x60@3x.png ... 
2019-12-16 10:36:39 +0000  95770 bytes for ./Payload/WRHB.app/AppIcon60x60@3x.png
2019-12-16 10:36:39 +0000  copying file ./Payload/WRHB.app/Emoji.plist ... 
1033 bytes for ./Payload/WRHB.app/Emoji.plist
copying file ./Payload/WRHB.app/Expression_46@2x.png ... 
2019-12-16 10:36:39 +0000  3304 bytes for ./Payload/WRHB.app/Expression_46@2x.png
2019-12-16 10:36:39 +0000  copying file ./Payload/WRHB.app/Base.lproj/Main.storyboardc/UIViewController-BYZ-38-t0r.nib ... 
2019-12-16 10:36:39 +0000  916 bytes for ./Payload/WRHB.app/Base.lproj/Main.storyboardc/UIViewController-BYZ-38-t0r.nib
copying file ./Payload/WRHB.app/Base.lproj/Main.storyboardc/BYZ-38-t0r-view-8bC-Xf-vdC.nib ... 
2019-12-16 10:36:39 +0000  1985 bytes for ./Payload/WRHB.app/Base.lproj/Main.storyboardc/BYZ-38-t0r-view-8bC-Xf-vdC.nib
2019-12-16 10:36:39 +0000  copying file ./Payload/WRHB.app/Base.lproj/Main.storyboardc/Info.plist ... 
258 bytes for ./Payload/WRHB.app/Base.lproj/Main.storyboardc/Info.plist
2019-12-16 10:36:39 +0000  copying file ./Payload/WRHB.app/Base.lproj/LaunchScreen.storyboardc/01J-lp-oVM-view-Ze5-6b-2t3.nib ... 
2019-12-16 10:36:39 +0000  1985 bytes for ./Payload/WRHB.app/Base.lproj/LaunchScreen.storyboardc/01J-lp-oVM-view-Ze5-6b-2t3.nib
copying file ./Payload/WRHB.app/Base.lproj/LaunchScreen.storyboardc/UIViewController-01J-lp-oVM.nib ... 
2019-12-16 10:36:39 +0000  832 bytes for ./Payload/WRHB.app/Base.lproj/LaunchScreen.storyboardc/UIViewController-01J-lp-oVM.nib
copying file ./Payload/WRHB.app/Base.lproj/LaunchScreen.storyboardc/Info.plist ... 
258 bytes for ./Payload/WRHB.app/Base.lproj/LaunchScreen.storyboardc/Info.plist
2019-12-16 10:36:39 +0000  copying file ./Payload/WRHB.app/Expression_25@2x.png ... 
2019-12-16 10:36:39 +0000  3554 bytes for ./Payload/WRHB.app/Expression_25@2x.png
copying file ./Payload/WRHB.app/toast_vol_1@2x.png ... 
2019-12-16 10:36:39 +0000  186 bytes for ./Payload/WRHB.app/toast_vol_1@2x.png
copying file ./Payload/WRHB.app/Expression_58@2x.png ... 
2019-12-16 10:36:39 +0000  3095 bytes for ./Payload/WRHB.app/Expression_58@2x.png
copying file ./Payload/WRHB.app/fy_sms-received.caf ... 
2019-12-16 10:36:39 +0000  38528 bytes for ./Payload/WRHB.app/fy_sms-received.caf
2019-12-16 10:36:39 +0000  copying file ./Payload/WRHB.app/Expression_29@2x.png ... 
2019-12-16 10:36:39 +0000  3755 bytes for ./Payload/WRHB.app/Expression_29@2x.png
copying file ./Payload/WRHB.app/chats_gif_410.gif ... 
2019-12-16 10:36:39 +0000  945356 bytes for ./Payload/WRHB.app/chats_gif_410.gif
copying file ./Payload/WRHB.app/Expression_54@2x.png ... 
2019-12-16 10:36:39 +0000  3400 bytes for ./Payload/WRHB.app/Expression_54@2x.png
copying file ./Payload/WRHB.app/Expression_37@2x.png ... 
1285 bytes for ./Payload/WRHB.app/Expression_37@2x.png
2019-12-16 10:36:39 +0000  copying file ./Payload/WRHB.app/WRHB ... 
2019-12-16 10:36:40 +0000  14176560 bytes for ./Payload/WRHB.app/WRHB
copying file ./Payload/WRHB.app/Expression_16@2x.png ... 
2019-12-16 10:36:40 +0000  3505 bytes for ./Payload/WRHB.app/Expression_16@2x.png
copying file ./Payload/WRHB.app/Expression_9@2x.png ... 
3540 bytes for ./Payload/WRHB.app/Expression_9@2x.png
copying file ./Payload/WRHB.app/chats_gif_409.gif ... 
2019-12-16 10:36:40 +0000  915612 bytes for ./Payload/WRHB.app/chats_gif_409.gif
copying file ./Payload/WRHB.app/Expression_75@2x.png ... 
2019-12-16 10:36:40 +0000  2962 bytes for ./Payload/WRHB.app/Expression_75@2x.png
copying file ./Payload/WRHB.app/Expression_79@2x.png ... 
2019-12-16 10:36:40 +0000  3227 bytes for ./Payload/WRHB.app/Expression_79@2x.png
copying file ./Payload/WRHB.app/Expression_5@2x.png ... 
2019-12-16 10:36:40 +0000  3331 bytes for ./Payload/WRHB.app/Expression_5@2x.png
copying file ./Payload/WRHB.app/packer.php ... 
2010 bytes for ./Payload/WRHB.app/packer.php
copying file ./Payload/WRHB.app/img_defaulthead_nor.png ... 
2019-12-16 10:36:40 +0000  430 bytes for ./Payload/WRHB.app/img_defaulthead_nor.png
copying file ./Payload/WRHB.app/Expression_67@2x.png ... 
2019-12-16 10:36:40 +0000  2031 bytes for ./Payload/WRHB.app/Expression_67@2x.png
copying file ./Payload/WRHB.app/img_defaulthead_nor@3x.png ... 
2019-12-16 10:36:40 +0000  1683 bytes for ./Payload/WRHB.app/img_defaulthead_nor@3x.png
copying file ./Payload/WRHB.app/Expression_32@2x.png ... 
2019-12-16 10:36:40 +0000  3458 bytes for ./Payload/WRHB.app/Expression_32@2x.png
copying file ./Payload/WRHB.app/Expression_51@2x.png ... 
3383 bytes for ./Payload/WRHB.app/Expression_51@2x.png
2019-12-16 10:36:40 +0000  copying file ./Payload/WRHB.app/icon_zanting.png ... 
2581 bytes for ./Payload/WRHB.app/icon_zanting.png
copying file ./Payload/WRHB.app/main.js ... 
2019-12-16 10:36:40 +0000  1723 bytes for ./Payload/WRHB.app/main.js
copying file ./Payload/WRHB.app/Expression_20@2x.png ... 
2019-12-16 10:36:40 +0000  3478 bytes for ./Payload/WRHB.app/Expression_20@2x.png
copying file ./Payload/WRHB.app/toast_vol_4@2x.png ... 
2019-12-16 10:36:40 +0000  391 bytes for ./Payload/WRHB.app/toast_vol_4@2x.png
copying file ./Payload/WRHB.app/liaotian_ic_yuyin_nor@3x.png ... 
2019-12-16 10:36:40 +0000  8560 bytes for ./Payload/WRHB.app/liaotian_ic_yuyin_nor@3x.png
2019-12-16 10:36:40 +0000  copying file ./Payload/WRHB.app/Expression_43@2x.png ... 
3598 bytes for ./Payload/WRHB.app/Expression_43@2x.png
2019-12-16 10:36:40 +0000  copying file ./Payload/WRHB.app/Expression_94@2x.png ... 
2625 bytes for ./Payload/WRHB.app/Expression_94@2x.png
copying file ./Payload/WRHB.app/Expression_86@2x.png ... 
2019-12-16 10:36:40 +0000  3452 bytes for ./Payload/WRHB.app/Expression_86@2x.png
copying file ./Payload/WRHB.app/Expression_105@2x.png ... 
2019-12-16 10:36:40 +0000  2420 bytes for ./Payload/WRHB.app/Expression_105@2x.png
copying file ./Payload/WRHB.app/Expression_98@2x.png ... 
2019-12-16 10:36:40 +0000  2515 bytes for ./Payload/WRHB.app/Expression_98@2x.png
copying file ./Payload/WRHB.app/Assets.car ... 
2019-12-16 10:36:42 +0000  44271960 bytes for ./Payload/WRHB.app/Assets.car
copying file ./Payload/WRHB.app/liaotian_ic_jianpan_press@2x.png ... 
2019-12-16 10:36:42 +0000  2342 bytes for ./Payload/WRHB.app/liaotian_ic_jianpan_press@2x.png
copying file ./Payload/WRHB.app/AppIcon40x40@2x~ipad.png ... 
2019-12-16 10:36:42 +0000  23409 bytes for ./Payload/WRHB.app/AppIcon40x40@2x~ipad.png
2019-12-16 10:36:42 +0000  copying file ./Payload/WRHB.app/AppIcon76x76@2x~ipad.png ... 
2019-12-16 10:36:42 +0000  71005 bytes for ./Payload/WRHB.app/AppIcon76x76@2x~ipad.png
2019-12-16 10:36:42 +0000  copying file ./Payload/WRHB.app/liaotian_ic_biaoqing_nor@3x.png ... 
3516 bytes for ./Payload/WRHB.app/liaotian_ic_biaoqing_nor@3x.png
copying file ./Payload/WRHB.app/liaotian_ic_biaoqing_nor@2x.png ... 
2019-12-16 10:36:42 +0000  2484 bytes for ./Payload/WRHB.app/liaotian_ic_biaoqing_nor@2x.png
copying file ./Payload/WRHB.app/Expression_84@2x.png ... 
2019-12-16 10:36:42 +0000  2732 bytes for ./Payload/WRHB.app/Expression_84@2x.png
copying file ./Payload/WRHB.app/Expression_88@2x.png ... 
2019-12-16 10:36:42 +0000  3077 bytes for ./Payload/WRHB.app/Expression_88@2x.png
copying file ./Payload/WRHB.app/liaotian_ic_press.png ... 
1145 bytes for ./Payload/WRHB.app/liaotian_ic_press.png
copying file ./Payload/WRHB.app/liaotian_ic_jianpan_press@3x.png ... 
2019-12-16 10:36:42 +0000  3200 bytes for ./Payload/WRHB.app/liaotian_ic_jianpan_press@3x.png
copying file ./Payload/WRHB.app/Expression_96@2x.png ... 
2019-12-16 10:36:42 +0000  2547 bytes for ./Payload/WRHB.app/Expression_96@2x.png
copying file ./Payload/WRHB.app/mianView.png ... 
2019-12-16 10:36:42 +0000  10173 bytes for ./Payload/WRHB.app/mianView.png
2019-12-16 10:36:42 +0000  copying file ./Payload/WRHB.app/Expression_18@2x.png ... 
2019-12-16 10:36:42 +0000  3677 bytes for ./Payload/WRHB.app/Expression_18@2x.png
copying file ./Payload/WRHB.app/新增App注意事项.rtfd/TXT.rtf ... 
2019-12-16 10:36:42 +0000  1892 bytes for ./Payload/WRHB.app/新增App注意事项.rtfd/TXT.rtf
copying file ./Payload/WRHB.app/新增App注意事项.rtfd/2Packaging.png ... 
2019-12-16 10:36:42 +0000  18431 bytes for ./Payload/WRHB.app/新增App注意事项.rtfd/2Packaging.png
2019-12-16 10:36:42 +0000  copying file ./Payload/WRHB.app/新增App注意事项.rtfd/1Preprocessing.png ... 
2019-12-16 10:36:42 +0000  36938 bytes for ./Payload/WRHB.app/新增App注意事项.rtfd/1Preprocessing.png
copying file ./Payload/WRHB.app/新增App注意事项.rtfd/3.info-wx.png ... 
2019-12-16 10:36:42 +0000  56025 bytes for ./Payload/WRHB.app/新增App注意事项.rtfd/3.info-wx.png
2019-12-16 10:36:42 +0000  copying file ./Payload/WRHB.app/Expression_65@2x.png ... 
1716 bytes for ./Payload/WRHB.app/Expression_65@2x.png
2019-12-16 10:36:42 +0000  copying file ./Payload/WRHB.app/AppIcon83.5x83.5@2x~ipad.png ... 
2019-12-16 10:36:42 +0000  83843 bytes for ./Payload/WRHB.app/AppIcon83.5x83.5@2x~ipad.png
copying file ./Payload/WRHB.app/Expression_7@2x.png ... 
2019-12-16 10:36:42 +0000  3744 bytes for ./Payload/WRHB.app/Expression_7@2x.png
copying file ./Payload/WRHB.app/liaotian_ic_yuyin_nor@2x.png ... 
2019-12-16 10:36:42 +0000  2788 bytes for ./Payload/WRHB.app/liaotian_ic_yuyin_nor@2x.png
copying file ./Payload/WRHB.app/LaunchImage-700-568h@2x.png ... 
2019-12-16 10:36:42 +0000  14942 bytes for ./Payload/WRHB.app/LaunchImage-700-568h@2x.png
copying file ./Payload/WRHB.app/liaotian_ic_gengduo_press.png ... 
620 bytes for ./Payload/WRHB.app/liaotian_ic_gengduo_press.png
copying file ./Payload/WRHB.app/Expression_77@2x.png ... 
2019-12-16 10:36:42 +0000  2803 bytes for ./Payload/WRHB.app/Expression_77@2x.png
2019-12-16 10:36:42 +0000  copying file ./Payload/WRHB.app/MBProgressHUD+JDragon.bundle/MBProgressHUD/MBHUD_Success@2x.png ... 
2019-12-16 10:36:42 +0000  3655 bytes for ./Payload/WRHB.app/MBProgressHUD+JDragon.bundle/MBProgressHUD/MBHUD_Success@2x.png
copying file ./Payload/WRHB.app/MBProgressHUD+JDragon.bundle/MBProgressHUD/MBHUD_Info@3x.png ... 
2019-12-16 10:36:42 +0000  4173 bytes for ./Payload/WRHB.app/MBProgressHUD+JDragon.bundle/MBProgressHUD/MBHUD_Info@3x.png
copying file ./Payload/WRHB.app/MBProgressHUD+JDragon.bundle/MBProgressHUD/.DS_Store ... 
2019-12-16 10:36:42 +0000  6148 bytes for ./Payload/WRHB.app/MBProgressHUD+JDragon.bundle/MBProgressHUD/.DS_Store
copying file ./Payload/WRHB.app/MBProgressHUD+JDragon.bundle/MBProgressHUD/MBHUD_Info@2x.png ... 
2019-12-16 10:36:42 +0000  3808 bytes for ./Payload/WRHB.app/MBProgressHUD+JDragon.bundle/MBProgressHUD/MBHUD_Info@2x.png
copying file ./Payload/WRHB.app/MBProgressHUD+JDragon.bundle/MBProgressHUD/MBHUD_Success@3x.png ... 
2019-12-16 10:36:42 +0000  4255 bytes for ./Payload/WRHB.app/MBProgressHUD+JDragon.bundle/MBProgressHUD/MBHUD_Success@3x.png
2019-12-16 10:36:42 +0000  copying file ./Payload/WRHB.app/MBProgressHUD+JDragon.bundle/MBProgressHUD/MBHUD_Error@2x.png ... 
2019-12-16 10:36:42 +0000  3816 bytes for ./Payload/WRHB.app/MBProgressHUD+JDragon.bundle/MBProgressHUD/MBHUD_Error@2x.png
copying file ./Payload/WRHB.app/MBProgressHUD+JDragon.bundle/MBProgressHUD/MBHUD_Warn@3x.png ... 
2019-12-16 10:36:42 +0000  2696 bytes for ./Payload/WRHB.app/MBProgressHUD+JDragon.bundle/MBProgressHUD/MBHUD_Warn@3x.png
copying file ./Payload/WRHB.app/MBProgressHUD+JDragon.bundle/MBProgressHUD/MBHUD_Warn@2x.png ... 
2019-12-16 10:36:42 +0000  3342 bytes for ./Payload/WRHB.app/MBProgressHUD+JDragon.bundle/MBProgressHUD/MBHUD_Warn@2x.png
copying file ./Payload/WRHB.app/MBProgressHUD+JDragon.bundle/MBProgressHUD/MBHUD_Error@3x.png ... 
2019-12-16 10:36:42 +0000  4232 bytes for ./Payload/WRHB.app/MBProgressHUD+JDragon.bundle/MBProgressHUD/MBHUD_Error@3x.png
2019-12-16 10:36:42 +0000  copying file ./Payload/WRHB.app/Expression_14@2x.png ... 
2019-12-16 10:36:42 +0000  3432 bytes for ./Payload/WRHB.app/Expression_14@2x.png
copying file ./Payload/WRHB.app/img_defaulthead_nor@2x.png ... 
2019-12-16 10:36:42 +0000  1179 bytes for ./Payload/WRHB.app/img_defaulthead_nor@2x.png
copying file ./Payload/WRHB.app/Expression_69@2x.png ... 
2019-12-16 10:36:42 +0000  1955 bytes for ./Payload/WRHB.app/Expression_69@2x.png
copying file ./Payload/WRHB.app/Expression_41@2x.png ... 
2019-12-16 10:36:42 +0000  3447 bytes for ./Payload/WRHB.app/Expression_41@2x.png
copying file ./Payload/WRHB.app/Expression_22@2x.png ... 
2019-12-16 10:36:42 +0000  3597 bytes for ./Payload/WRHB.app/Expression_22@2x.png
2019-12-16 10:36:42 +0000  copying file ./Payload/WRHB.app/toast_vol_6@2x.png ... 
507 bytes for ./Payload/WRHB.app/toast_vol_6@2x.png
2019-12-16 10:36:42 +0000  copying file ./Payload/WRHB.app/JSPatch.js ... 
2019-12-16 10:36:42 +0000  9648 bytes for ./Payload/WRHB.app/JSPatch.js
2019-12-16 10:36:42 +0000  copying file ./Payload/WRHB.app/SAMKeychain.bundle/en.lproj/SAMKeychain.strings ... 
2019-12-16 10:36:42 +0000  1580 bytes for ./Payload/WRHB.app/SAMKeychain.bundle/en.lproj/SAMKeychain.strings
copying file ./Payload/WRHB.app/Expression_53@2x.png ... 
2019-12-16 10:36:42 +0000  3309 bytes for ./Payload/WRHB.app/Expression_53@2x.png
2019-12-16 10:36:42 +0000  copying file ./Payload/WRHB.app/toast_cancelsend@2x.png ... 
2019-12-16 10:36:42 +0000  2497 bytes for ./Payload/WRHB.app/toast_cancelsend@2x.png
copying file ./Payload/WRHB.app/Expression_30@2x.png ... 
2019-12-16 10:36:42 +0000  3117 bytes for ./Payload/WRHB.app/Expression_30@2x.png
copying file ./Payload/WRHB.app/liaotian_ic_biaoqing_press.png ... 
2019-12-16 10:36:42 +0000  736 bytes for ./Payload/WRHB.app/liaotian_ic_biaoqing_press.png
2019-12-16 10:36:42 +0000  copying file ./Payload/WRHB.app/none.png ... 
2019-12-16 10:36:42 +0000  2825 bytes for ./Payload/WRHB.app/none.png
copying file ./Payload/WRHB.app/AppIcon29x29@2x~ipad.png ... 
2019-12-16 10:36:42 +0000  14142 bytes for ./Payload/WRHB.app/AppIcon29x29@2x~ipad.png
2019-12-16 10:36:42 +0000  copying file ./Payload/WRHB.app/Expression_92@2x.png ... 
2019-12-16 10:36:42 +0000  2253 bytes for ./Payload/WRHB.app/Expression_92@2x.png
copying file ./Payload/WRHB.app/Expression_103@2x.png ... 
2019-12-16 10:36:42 +0000  3198 bytes for ./Payload/WRHB.app/Expression_103@2x.png
copying file ./Payload/WRHB.app/Expression_80@2x.png ... 
2019-12-16 10:36:42 +0000  2567 bytes for ./Payload/WRHB.app/Expression_80@2x.png
copying file ./Payload/WRHB.app/icon_fanhui.png ... 
2019-12-16 10:36:42 +0000  1382 bytes for ./Payload/WRHB.app/icon_fanhui.png
copying file ./Payload/WRHB.app/Expression_57@2x.png ... 
2019-12-16 10:36:42 +0000  3199 bytes for ./Payload/WRHB.app/Expression_57@2x.png
copying file ./Payload/WRHB.app/Expression_49@2x.png ... 
2019-12-16 10:36:42 +0000  3300 bytes for ./Payload/WRHB.app/Expression_49@2x.png
copying file ./Payload/WRHB.app/Expression_34@2x.png ... 
2019-12-16 10:36:42 +0000  3671 bytes for ./Payload/WRHB.app/Expression_34@2x.png
2019-12-16 10:36:42 +0000  copying file ./Payload/WRHB.app/AppIcon40x40~ipad.png ... 
2019-12-16 10:36:42 +0000  8547 bytes for ./Payload/WRHB.app/AppIcon40x40~ipad.png
copying file ./Payload/WRHB.app/Expression_45@2x.png ... 
2019-12-16 10:36:42 +0000  3271 bytes for ./Payload/WRHB.app/Expression_45@2x.png
copying file ./Payload/WRHB.app/Expression_38@2x.png ... 
2019-12-16 10:36:42 +0000  3670 bytes for ./Payload/WRHB.app/Expression_38@2x.png
2019-12-16 10:36:42 +0000  copying file ./Payload/WRHB.app/AddressBookViewController.nib ... 
1571 bytes for ./Payload/WRHB.app/AddressBookViewController.nib
copying file ./Payload/WRHB.app/toast_vol_2@2x.png ... 
2019-12-16 10:36:42 +0000  260 bytes for ./Payload/WRHB.app/toast_vol_2@2x.png
copying file ./Payload/WRHB.app/Expression_26@2x.png ... 
2019-12-16 10:36:42 +0000  3463 bytes for ./Payload/WRHB.app/Expression_26@2x.png
copying file ./Payload/WRHB.app/AppIcon20x20~ipad.png ... 
2019-12-16 10:36:42 +0000  4660 bytes for ./Payload/WRHB.app/AppIcon20x20~ipad.png
copying file ./Payload/WRHB.app/Expression_73@2x.png ... 
2019-12-16 10:36:42 +0000  3089 bytes for ./Payload/WRHB.app/Expression_73@2x.png
copying file ./Payload/WRHB.app/liaotian_ic_biaoqing_press@2x.png ... 
2019-12-16 10:36:42 +0000  2515 bytes for ./Payload/WRHB.app/liaotian_ic_biaoqing_press@2x.png
copying file ./Payload/WRHB.app/Expression_10@2x.png ... 
2019-12-16 10:36:42 +0000  3561 bytes for ./Payload/WRHB.app/Expression_10@2x.png
copying file ./Payload/WRHB.app/Expression_61@2x.png ... 
2019-12-16 10:36:42 +0000  3374 bytes for ./Payload/WRHB.app/Expression_61@2x.png
copying file ./Payload/WRHB.app/Expression_3@2x.png ... 
2019-12-16 10:36:42 +0000  3350 bytes for ./Payload/WRHB.app/Expression_3@2x.png
copying file ./Payload/WRHB.app/embedded.mobileprovision ... 
2019-12-16 10:36:42 +0000  7560 bytes for ./Payload/WRHB.app/embedded.mobileprovision
copying file ./Payload/WRHB.app/Expression_59@2x.png ... 
2019-12-16 10:36:42 +0000  3741 bytes for ./Payload/WRHB.app/Expression_59@2x.png
copying file ./Payload/WRHB.app/Expression_24@2x.png ... 
2019-12-16 10:36:42 +0000  3551 bytes for ./Payload/WRHB.app/Expression_24@2x.png
copying file ./Payload/WRHB.app/Expression_47@2x.png ... 
2019-12-16 10:36:42 +0000  3424 bytes for ./Payload/WRHB.app/Expression_47@2x.png
2019-12-16 10:36:42 +0000  copying file ./Payload/WRHB.app/image12.gif ... 
2019-12-16 10:36:42 +0000  846575 bytes for ./Payload/WRHB.app/image12.gif
2019-12-16 10:36:42 +0000  copying file ./Payload/WRHB.app/Expression_36@2x.png ... 
3715 bytes for ./Payload/WRHB.app/Expression_36@2x.png
copying file ./Payload/WRHB.app/Expression_55@2x.png ... 
2019-12-16 10:36:42 +0000  3620 bytes for ./Payload/WRHB.app/Expression_55@2x.png
copying file ./Payload/WRHB.app/Expression_28@2x.png ... 
2019-12-16 10:36:42 +0000  3444 bytes for ./Payload/WRHB.app/Expression_28@2x.png
copying file ./Payload/WRHB.app/DeleteEmoticonBtnHL@2x.png ... 
2019-12-16 10:36:42 +0000  963 bytes for ./Payload/WRHB.app/DeleteEmoticonBtnHL@2x.png
copying file ./Payload/WRHB.app/liaotian_ic_biaoqing_press@3x.png ... 
2019-12-16 10:36:42 +0000  3530 bytes for ./Payload/WRHB.app/liaotian_ic_biaoqing_press@3x.png
copying file ./Payload/WRHB.app/liaotian_ic_jianpan_press.png ... 
2019-12-16 10:36:42 +0000  809 bytes for ./Payload/WRHB.app/liaotian_ic_jianpan_press.png
copying file ./Payload/WRHB.app/Expression_1@2x.png ... 
2019-12-16 10:36:42 +0000  3540 bytes for ./Payload/WRHB.app/Expression_1@2x.png
2019-12-16 10:36:42 +0000  copying file ./Payload/WRHB.app/Expression_63@2x.png ... 
2019-12-16 10:36:42 +0000  2825 bytes for ./Payload/WRHB.app/Expression_63@2x.png
copying file ./Payload/WRHB.app/Expression_12@2x.png ... 
2019-12-16 10:36:42 +0000  3379 bytes for ./Payload/WRHB.app/Expression_12@2x.png
copying file ./Payload/WRHB.app/AppIcon20x20@2x~ipad.png ... 
2019-12-16 10:36:42 +0000  8547 bytes for ./Payload/WRHB.app/AppIcon20x20@2x~ipad.png
copying file ./Payload/WRHB.app/Expression_71@2x.png ... 
2019-12-16 10:36:42 +0000  2769 bytes for ./Payload/WRHB.app/Expression_71@2x.png
2019-12-16 10:36:42 +0000  copying file ./Payload/WRHB.app/toast_timeshort@2x.png ... 
2019-12-16 10:36:42 +0000  2363 bytes for ./Payload/WRHB.app/toast_timeshort@2x.png
copying file ./Payload/WRHB.app/Info.plist ... 
2019-12-16 10:36:42 +0000  2037 bytes for ./Payload/WRHB.app/Info.plist
copying file ./Payload/WRHB.app/image11.gif ... 
2019-12-16 10:36:42 +0000  2083188 bytes for ./Payload/WRHB.app/image11.gif
copying file ./Payload/WRHB.app/PkgInfo ... 
2019-12-16 10:36:42 +0000  8 bytes for ./Payload/WRHB.app/PkgInfo
copying file ./Payload/WRHB.app/Expression_82@2x.png ... 
2830 bytes for ./Payload/WRHB.app/Expression_82@2x.png
copying file ./Payload/WRHB.app/Expression_101@2x.png ... 
2019-12-16 10:36:42 +0000  2894 bytes for ./Payload/WRHB.app/Expression_101@2x.png
copying file ./Payload/WRHB.app/EasyOperater.nib ... 
2019-12-16 10:36:42 +0000  2757 bytes for ./Payload/WRHB.app/EasyOperater.nib
copying file ./Payload/WRHB.app/AppIcon76x76~ipad.png ... 
2019-12-16 10:36:42 +0000  21628 bytes for ./Payload/WRHB.app/AppIcon76x76~ipad.png
copying file ./Payload/WRHB.app/Expression_90@2x.png ... 
2019-12-16 10:36:42 +0000  3185 bytes for ./Payload/WRHB.app/Expression_90@2x.png
copying file ./Payload/WRHB.app/liaotian_ic_gengduo_nor.png ... 
2019-12-16 10:36:42 +0000  639 bytes for ./Payload/WRHB.app/liaotian_ic_gengduo_nor.png
2019-12-16 10:36:42 +0000  /usr/bin/ditto exited with 0
2019-12-16 10:36:42 +0000  Processing step: IDEDistributionAppStoreInformationStep
2019-12-16 10:36:42 +0000  Skipping step: IDEDistributionAppStoreInformationStep because it said so
2019-12-16 10:36:42 +0000  Processing step: IDEDistributionCreateManifestStep
